#-----------------------------------------------------------
# Vivado v2018.2 (64-bit)
# SW Build 2258646 on Thu Jun 14 20:03:12 MDT 2018
# IP Build 2256618 on Thu Jun 14 22:10:49 MDT 2018
# Start of session at: Mon Oct 22 08:17:20 2018
# Process ID: 19692
# Current directory: F:/Vivado_prj/B-CEDNet/B-CEDNet.sim/sim_1/behav
# Command line: vivado.exe -gui_launcher_event rodinguilauncherevent15268 F:\Vivado_prj\B-CEDNet\B-CEDNet.sim\sim_1\behav\testbench_PE_DC_behav.wdb
# Log file: F:/Vivado_prj/B-CEDNet/B-CEDNet.sim/sim_1/behav/vivado.log
# Journal file: F:/Vivado_prj/B-CEDNet/B-CEDNet.sim/sim_1/behav\vivado.jou
#-----------------------------------------------------------
start_gui
open_wave_database {F:\Vivado_prj\B-CEDNet\B-CEDNet.sim\sim_1\behav\testbench_PE_DC_behav.wdb}
INFO: [IP_Flow 19-234] Refreshing IP repositories
INFO: [IP_Flow 19-1704] No user IP repositories specified
INFO: [IP_Flow 19-2313] Loaded Vivado IP repository 'E:/Xilinx/Vivado/2018.2/data/ip'.
current_fileset: Time (s): cpu = 00:00:07 ; elapsed = 00:00:05 . Memory (MB): peak = 774.031 ; gain = 94.211
open_wave_database: Time (s): cpu = 00:00:09 ; elapsed = 00:00:06 . Memory (MB): peak = 783.230 ; gain = 103.410
add_wave {{/testbench_PE_DC/data_in}} 
close_sim
INFO: [Simtcl 6-16] Simulation closed
exit
INFO: [Common 17-206] Exiting Vivado at Mon Oct 22 08:18:07 2018...
