Vivado Simulator 2018.2
Copyright 1986-1999, 2001-2018 Xilinx, Inc. All Rights Reserved.
Running: E:/Xilinx/Vivado/2018.2/bin/unwrapped/win64.o/xelab.exe -wto e5c66348b01e40fd955917c5168188e5 --incr --debug typical --relax --mt 2 -L xil_defaultlib -L unisims_ver -L unimacro_ver -L secureip -L xpm --snapshot BCEDN_TOP_tb_behav xil_defaultlib.BCEDN_TOP_tb xil_defaultlib.glbl -log elaborate.log 
Using 2 slave threads.
Starting static elaboration
WARNING: [VRFC 10-278] actual bit length 32 differs from formal bit length 1 for port burn_in_en [F:/Vivado_prj/B-CEDNet/src/soft_ip/BCEDN_ENCODER.v:110]
WARNING: [VRFC 10-278] actual bit length 32 differs from formal bit length 1 for port burn_in_en [F:/Vivado_prj/B-CEDNet/src/soft_ip/BCEDN_ENDECODER.v:105]
WARNING: [VRFC 10-278] actual bit length 32 differs from formal bit length 1 for port burn_in_en [F:/Vivado_prj/B-CEDNet/src/soft_ip/BCEDN_ENDECODER.v:109]
WARNING: [VRFC 10-278] actual bit length 32 differs from formal bit length 1 for port burn_in_en [F:/Vivado_prj/B-CEDNet/src/soft_ip/BCEDN_ENDECODER.v:113]
WARNING: [VRFC 10-526] concatenation with unsized literal; will interpret as 32 bits [F:/Vivado_prj/B-CEDNet/src/soft_ip/BCEDN_ENDECODER.v:144]
WARNING: [VRFC 10-526] concatenation with unsized literal; will interpret as 32 bits [F:/Vivado_prj/B-CEDNet/src/soft_ip/BCEDN_DECODER_OUT.v:130]
WARNING: [VRFC 10-1783] select index 512 into fmap_out_shiftreg_en_shedow_dl is out of bounds [F:/Vivado_prj/B-CEDNet/src/soft_ip/EDC_CTRL.v:427]
WARNING: [VRFC 10-1783] select index 257 into data_out_en_dl is out of bounds [F:/Vivado_prj/B-CEDNet/src/soft_ip/EDC_CTRL.v:567]
WARNING: [VRFC 10-1783] select index 256 into fmap_out_shiftreg_en_shedow_dl is out of bounds [F:/Vivado_prj/B-CEDNet/src/soft_ip/DC_CTRL.v:423]
WARNING: [VRFC 10-1783] select index 257 into data_out_en_dl_2 is out of bounds [F:/Vivado_prj/B-CEDNet/src/soft_ip/DC_CTRL.v:772]
Completed static elaboration
Starting simulation data flow analysis
Completed simulation data flow analysis
Time Resolution for simulation is 1ps
Compiling module xil_defaultlib.sync_r2w
Compiling module xil_defaultlib.sync_w2r
Compiling module xil_defaultlib.fifomem(DATASIZE=8)
Compiling module xil_defaultlib.rptr_empty
Compiling module xil_defaultlib.wptr_full
Compiling module xil_defaultlib.fifo1(DSIZE=8)
Compiling module xil_defaultlib.TOP_MEAN_ROM_0
Compiling module xil_defaultlib.W_ROM_SOFT(DATA_WIDTH=17,DATA_DE...
Compiling module xil_defaultlib.W_ROM(DATA_WIDTH=17,DATA_DEPTH=4...
Compiling module xil_defaultlib.CONV_KERNEL(D=1,DATA_A_WIDTH=17,...
Compiling module xil_defaultlib.comparator_2(DATA_WIDTH=38)
Compiling module xil_defaultlib.COMPARATOR(N=2,DATA_WIDTH=38)
Compiling module xil_defaultlib.PE_FP(D=1,POOL_H=1,POOL_W=1,WEIG...
Compiling module xil_defaultlib.AD_W_ROM_3
Compiling module xil_defaultlib.W_ROM_SOFT(DATA_WIDTH=153,DATA_D...
Compiling module xil_defaultlib.W_ROM(DATA_WIDTH=153,DATA_DEPTH=...
Compiling module xil_defaultlib.AD_REF_ROM_3
Compiling module xil_defaultlib.W_ROM_SOFT(DATA_WIDTH=22,DATA_DE...
Compiling module xil_defaultlib.W_ROM(DATA_WIDTH=22,DATA_DEPTH=3...
Compiling module xil_defaultlib.AD_REF_SIGN_ROM_3
Compiling module xil_defaultlib.W_ROM_SOFT(DATA_WIDTH=1,DATA_DEP...
Compiling module xil_defaultlib.W_ROM(DATA_WIDTH=1,DATA_DEPTH=32...
Compiling module xil_defaultlib.FMAP_OUT_SHIFTREG(FD=128,N_PE=4)
Compiling module xil_defaultlib.AD_W_ROM_2
Compiling module xil_defaultlib.W_ROM_SOFT(DATA_WIDTH=153,DATA_D...
Compiling module xil_defaultlib.W_ROM(DATA_WIDTH=153,DATA_DEPTH=...
Compiling module xil_defaultlib.AD_REF_ROM_2
Compiling module xil_defaultlib.W_ROM_SOFT(DATA_WIDTH=22,DATA_DE...
Compiling module xil_defaultlib.W_ROM(DATA_WIDTH=22,DATA_DEPTH=3...
Compiling module xil_defaultlib.AD_REF_SIGN_ROM_2
Compiling module xil_defaultlib.W_ROM_SOFT(DATA_WIDTH=1,DATA_DEP...
Compiling module xil_defaultlib.W_ROM(DATA_WIDTH=1,DATA_DEPTH=32...
Compiling module xil_defaultlib.AD_W_ROM_1
Compiling module xil_defaultlib.W_ROM_SOFT(DATA_WIDTH=153,DATA_D...
Compiling module xil_defaultlib.W_ROM(DATA_WIDTH=153,DATA_DEPTH=...
Compiling module xil_defaultlib.AD_REF_ROM_1
Compiling module xil_defaultlib.W_ROM_SOFT(DATA_WIDTH=22,DATA_DE...
Compiling module xil_defaultlib.W_ROM(DATA_WIDTH=22,DATA_DEPTH=3...
Compiling module xil_defaultlib.AD_REF_SIGN_ROM_1
Compiling module xil_defaultlib.W_ROM_SOFT(DATA_WIDTH=1,DATA_DEP...
Compiling module xil_defaultlib.W_ROM(DATA_WIDTH=1,DATA_DEPTH=32...
Compiling module xil_defaultlib.AD_W_ROM_0
Compiling module xil_defaultlib.W_ROM_SOFT(DATA_WIDTH=153,DATA_D...
Compiling module xil_defaultlib.W_ROM(DATA_WIDTH=153,DATA_DEPTH=...
Compiling module xil_defaultlib.AD_REF_ROM_0
Compiling module xil_defaultlib.W_ROM_SOFT(DATA_WIDTH=22,DATA_DE...
Compiling module xil_defaultlib.W_ROM(DATA_WIDTH=22,DATA_DEPTH=3...
Compiling module xil_defaultlib.AD_REF_SIGN_ROM_0
Compiling module xil_defaultlib.W_ROM_SOFT(DATA_WIDTH=1,DATA_DEP...
Compiling module xil_defaultlib.W_ROM(DATA_WIDTH=1,DATA_DEPTH=32...
Compiling module xil_defaultlib.FMAP_IN_SHIFTREG(H=128,W=32,D=17...
Compiling module xil_defaultlib.AD_CTRL(H=128,W=32,DATA_IN_FP_WI...
Compiling module xil_defaultlib.BCEDN_ADAPTER(H=128,W=32,NORMREF...
Compiling module xil_defaultlib.FMAP_IN_SHIFTREG(H=128,W=32,D=12...
Compiling module xil_defaultlib.BINCONV_KERNEL(D=128,OUT_WIDTH=1...
Compiling module xil_defaultlib.comparator_2(DATA_WIDTH=11)
Compiling module xil_defaultlib.comp_case
Compiling module xil_defaultlib.COMPARATOR(DATA_WIDTH=11)
Compiling module xil_defaultlib.comparator_2(DATA_WIDTH=12)
Compiling module xil_defaultlib.COMPARATOR(N=2,DATA_WIDTH=12)
Compiling module xil_defaultlib.PE_EC(D=128,NORMREF_WIDTH=12)
Compiling module xil_defaultlib.EC_1_W_ROM_F_15
Compiling module xil_defaultlib.W_ROM_SOFT(DATA_WIDTH=1152,DATA_...
Compiling module xil_defaultlib.W_ROM(DATA_WIDTH=1152,DATA_DEPTH...
Compiling module xil_defaultlib.EC_1_REF_ROM_15
Compiling module xil_defaultlib.W_ROM_SOFT(DATA_WIDTH=12,DATA_DE...
Compiling module xil_defaultlib.W_ROM(DATA_WIDTH=12,DATA_DEPTH=3...
Compiling module xil_defaultlib.EC_1_REF_SIGN_ROM_15
Compiling module xil_defaultlib.W_ROM_SOFT(DATA_WIDTH=1,DATA_DEP...
Compiling module xil_defaultlib.W_ROM(DATA_WIDTH=1,DATA_DEPTH=32...
Compiling module xil_defaultlib.FMAP_OUT_SHIFTREG(N_PE=16)
Compiling module xil_defaultlib.EC_1_W_ROM_F_14
Compiling module xil_defaultlib.W_ROM_SOFT(DATA_WIDTH=1152,DATA_...
Compiling module xil_defaultlib.W_ROM(DATA_WIDTH=1152,DATA_DEPTH...
Compiling module xil_defaultlib.EC_1_REF_ROM_14
Compiling module xil_defaultlib.W_ROM_SOFT(DATA_WIDTH=12,DATA_DE...
Compiling module xil_defaultlib.W_ROM(DATA_WIDTH=12,DATA_DEPTH=3...
Compiling module xil_defaultlib.EC_1_REF_SIGN_ROM_14
Compiling module xil_defaultlib.W_ROM_SOFT(DATA_WIDTH=1,DATA_DEP...
Compiling module xil_defaultlib.W_ROM(DATA_WIDTH=1,DATA_DEPTH=32...
Compiling module xil_defaultlib.EC_1_W_ROM_F_13
Compiling module xil_defaultlib.W_ROM_SOFT(DATA_WIDTH=1152,DATA_...
Compiling module xil_defaultlib.W_ROM(DATA_WIDTH=1152,DATA_DEPTH...
Compiling module xil_defaultlib.EC_1_REF_ROM_13
Compiling module xil_defaultlib.W_ROM_SOFT(DATA_WIDTH=12,DATA_DE...
Compiling module xil_defaultlib.W_ROM(DATA_WIDTH=12,DATA_DEPTH=3...
Compiling module xil_defaultlib.EC_1_REF_SIGN_ROM_13
Compiling module xil_defaultlib.W_ROM_SOFT(DATA_WIDTH=1,DATA_DEP...
Compiling module xil_defaultlib.W_ROM(DATA_WIDTH=1,DATA_DEPTH=32...
Compiling module xil_defaultlib.EC_1_W_ROM_F_12
Compiling module xil_defaultlib.W_ROM_SOFT(DATA_WIDTH=1152,DATA_...
Compiling module xil_defaultlib.W_ROM(DATA_WIDTH=1152,DATA_DEPTH...
Compiling module xil_defaultlib.EC_1_REF_ROM_12
Compiling module xil_defaultlib.W_ROM_SOFT(DATA_WIDTH=12,DATA_DE...
Compiling module xil_defaultlib.W_ROM(DATA_WIDTH=12,DATA_DEPTH=3...
Compiling module xil_defaultlib.EC_1_REF_SIGN_ROM_12
Compiling module xil_defaultlib.W_ROM_SOFT(DATA_WIDTH=1,DATA_DEP...
Compiling module xil_defaultlib.W_ROM(DATA_WIDTH=1,DATA_DEPTH=32...
Compiling module xil_defaultlib.EC_1_W_ROM_F_11
Compiling module xil_defaultlib.W_ROM_SOFT(DATA_WIDTH=1152,DATA_...
Compiling module xil_defaultlib.W_ROM(DATA_WIDTH=1152,DATA_DEPTH...
Compiling module xil_defaultlib.EC_1_REF_ROM_11
Compiling module xil_defaultlib.W_ROM_SOFT(DATA_WIDTH=12,DATA_DE...
Compiling module xil_defaultlib.W_ROM(DATA_WIDTH=12,DATA_DEPTH=3...
Compiling module xil_defaultlib.EC_1_REF_SIGN_ROM_11
Compiling module xil_defaultlib.W_ROM_SOFT(DATA_WIDTH=1,DATA_DEP...
Compiling module xil_defaultlib.W_ROM(DATA_WIDTH=1,DATA_DEPTH=32...
Compiling module xil_defaultlib.EC_1_W_ROM_F_10
Compiling module xil_defaultlib.W_ROM_SOFT(DATA_WIDTH=1152,DATA_...
Compiling module xil_defaultlib.W_ROM(DATA_WIDTH=1152,DATA_DEPTH...
Compiling module xil_defaultlib.EC_1_REF_ROM_10
Compiling module xil_defaultlib.W_ROM_SOFT(DATA_WIDTH=12,DATA_DE...
Compiling module xil_defaultlib.W_ROM(DATA_WIDTH=12,DATA_DEPTH=3...
Compiling module xil_defaultlib.EC_1_REF_SIGN_ROM_10
Compiling module xil_defaultlib.W_ROM_SOFT(DATA_WIDTH=1,DATA_DEP...
Compiling module xil_defaultlib.W_ROM(DATA_WIDTH=1,DATA_DEPTH=32...
Compiling module xil_defaultlib.EC_1_W_ROM_F_9
Compiling module xil_defaultlib.W_ROM_SOFT(DATA_WIDTH=1152,DATA_...
Compiling module xil_defaultlib.W_ROM(DATA_WIDTH=1152,DATA_DEPTH...
Compiling module xil_defaultlib.EC_1_REF_ROM_9
Compiling module xil_defaultlib.W_ROM_SOFT(DATA_WIDTH=12,DATA_DE...
Compiling module xil_defaultlib.W_ROM(DATA_WIDTH=12,DATA_DEPTH=3...
Compiling module xil_defaultlib.EC_1_REF_SIGN_ROM_9
Compiling module xil_defaultlib.W_ROM_SOFT(DATA_WIDTH=1,DATA_DEP...
Compiling module xil_defaultlib.W_ROM(DATA_WIDTH=1,DATA_DEPTH=32...
Compiling module xil_defaultlib.EC_1_W_ROM_F_8
Compiling module xil_defaultlib.W_ROM_SOFT(DATA_WIDTH=1152,DATA_...
Compiling module xil_defaultlib.W_ROM(DATA_WIDTH=1152,DATA_DEPTH...
Compiling module xil_defaultlib.EC_1_REF_ROM_8
Compiling module xil_defaultlib.W_ROM_SOFT(DATA_WIDTH=12,DATA_DE...
Compiling module xil_defaultlib.W_ROM(DATA_WIDTH=12,DATA_DEPTH=3...
Compiling module xil_defaultlib.EC_1_REF_SIGN_ROM_8
Compiling module xil_defaultlib.W_ROM_SOFT(DATA_WIDTH=1,DATA_DEP...
Compiling module xil_defaultlib.W_ROM(DATA_WIDTH=1,DATA_DEPTH=32...
Compiling module xil_defaultlib.EC_1_W_ROM_F_7
Compiling module xil_defaultlib.W_ROM_SOFT(DATA_WIDTH=1152,DATA_...
Compiling module xil_defaultlib.W_ROM(DATA_WIDTH=1152,DATA_DEPTH...
Compiling module xil_defaultlib.EC_1_REF_ROM_7
Compiling module xil_defaultlib.W_ROM_SOFT(DATA_WIDTH=12,DATA_DE...
Compiling module xil_defaultlib.W_ROM(DATA_WIDTH=12,DATA_DEPTH=3...
Compiling module xil_defaultlib.EC_1_REF_SIGN_ROM_7
Compiling module xil_defaultlib.W_ROM_SOFT(DATA_WIDTH=1,DATA_DEP...
Compiling module xil_defaultlib.W_ROM(DATA_WIDTH=1,DATA_DEPTH=32...
Compiling module xil_defaultlib.EC_1_W_ROM_F_6
Compiling module xil_defaultlib.W_ROM_SOFT(DATA_WIDTH=1152,DATA_...
Compiling module xil_defaultlib.W_ROM(DATA_WIDTH=1152,DATA_DEPTH...
Compiling module xil_defaultlib.EC_1_REF_ROM_6
Compiling module xil_defaultlib.W_ROM_SOFT(DATA_WIDTH=12,DATA_DE...
Compiling module xil_defaultlib.W_ROM(DATA_WIDTH=12,DATA_DEPTH=3...
Compiling module xil_defaultlib.EC_1_REF_SIGN_ROM_6
Compiling module xil_defaultlib.W_ROM_SOFT(DATA_WIDTH=1,DATA_DEP...
Compiling module xil_defaultlib.W_ROM(DATA_WIDTH=1,DATA_DEPTH=32...
Compiling module xil_defaultlib.EC_1_W_ROM_F_5
Compiling module xil_defaultlib.W_ROM_SOFT(DATA_WIDTH=1152,DATA_...
Compiling module xil_defaultlib.W_ROM(DATA_WIDTH=1152,DATA_DEPTH...
Compiling module xil_defaultlib.EC_1_REF_ROM_5
Compiling module xil_defaultlib.W_ROM_SOFT(DATA_WIDTH=12,DATA_DE...
Compiling module xil_defaultlib.W_ROM(DATA_WIDTH=12,DATA_DEPTH=3...
Compiling module xil_defaultlib.EC_1_REF_SIGN_ROM_5
Compiling module xil_defaultlib.W_ROM_SOFT(DATA_WIDTH=1,DATA_DEP...
Compiling module xil_defaultlib.W_ROM(DATA_WIDTH=1,DATA_DEPTH=32...
Compiling module xil_defaultlib.EC_1_W_ROM_F_4
Compiling module xil_defaultlib.W_ROM_SOFT(DATA_WIDTH=1152,DATA_...
Compiling module xil_defaultlib.W_ROM(DATA_WIDTH=1152,DATA_DEPTH...
Compiling module xil_defaultlib.EC_1_REF_ROM_4
Compiling module xil_defaultlib.W_ROM_SOFT(DATA_WIDTH=12,DATA_DE...
Compiling module xil_defaultlib.W_ROM(DATA_WIDTH=12,DATA_DEPTH=3...
Compiling module xil_defaultlib.EC_1_REF_SIGN_ROM_4
Compiling module xil_defaultlib.W_ROM_SOFT(DATA_WIDTH=1,DATA_DEP...
Compiling module xil_defaultlib.W_ROM(DATA_WIDTH=1,DATA_DEPTH=32...
Compiling module xil_defaultlib.EC_1_W_ROM_F_3
Compiling module xil_defaultlib.W_ROM_SOFT(DATA_WIDTH=1152,DATA_...
Compiling module xil_defaultlib.W_ROM(DATA_WIDTH=1152,DATA_DEPTH...
Compiling module xil_defaultlib.EC_1_REF_ROM_3
Compiling module xil_defaultlib.W_ROM_SOFT(DATA_WIDTH=12,DATA_DE...
Compiling module xil_defaultlib.W_ROM(DATA_WIDTH=12,DATA_DEPTH=3...
Compiling module xil_defaultlib.EC_1_REF_SIGN_ROM_3
Compiling module xil_defaultlib.W_ROM_SOFT(DATA_WIDTH=1,DATA_DEP...
Compiling module xil_defaultlib.W_ROM(DATA_WIDTH=1,DATA_DEPTH=32...
Compiling module xil_defaultlib.EC_1_W_ROM_F_2
Compiling module xil_defaultlib.W_ROM_SOFT(DATA_WIDTH=1152,DATA_...
Compiling module xil_defaultlib.W_ROM(DATA_WIDTH=1152,DATA_DEPTH...
Compiling module xil_defaultlib.EC_1_REF_ROM_2
Compiling module xil_defaultlib.W_ROM_SOFT(DATA_WIDTH=12,DATA_DE...
Compiling module xil_defaultlib.W_ROM(DATA_WIDTH=12,DATA_DEPTH=3...
Compiling module xil_defaultlib.EC_1_REF_SIGN_ROM_2
Compiling module xil_defaultlib.W_ROM_SOFT(DATA_WIDTH=1,DATA_DEP...
Compiling module xil_defaultlib.W_ROM(DATA_WIDTH=1,DATA_DEPTH=32...
Compiling module xil_defaultlib.EC_1_W_ROM_F_1
Compiling module xil_defaultlib.W_ROM_SOFT(DATA_WIDTH=1152,DATA_...
Compiling module xil_defaultlib.W_ROM(DATA_WIDTH=1152,DATA_DEPTH...
Compiling module xil_defaultlib.EC_1_REF_ROM_1
Compiling module xil_defaultlib.W_ROM_SOFT(DATA_WIDTH=12,DATA_DE...
Compiling module xil_defaultlib.W_ROM(DATA_WIDTH=12,DATA_DEPTH=3...
Compiling module xil_defaultlib.EC_1_REF_SIGN_ROM_1
Compiling module xil_defaultlib.W_ROM_SOFT(DATA_WIDTH=1,DATA_DEP...
Compiling module xil_defaultlib.W_ROM(DATA_WIDTH=1,DATA_DEPTH=32...
Compiling module xil_defaultlib.EC_1_W_ROM_F_0
Compiling module xil_defaultlib.W_ROM_SOFT(DATA_WIDTH=1152,DATA_...
Compiling module xil_defaultlib.W_ROM(DATA_WIDTH=1152,DATA_DEPTH...
Compiling module xil_defaultlib.EC_1_REF_ROM_0
Compiling module xil_defaultlib.W_ROM_SOFT(DATA_WIDTH=12,DATA_DE...
Compiling module xil_defaultlib.W_ROM(DATA_WIDTH=12,DATA_DEPTH=3...
Compiling module xil_defaultlib.EC_1_REF_SIGN_ROM_0
Compiling module xil_defaultlib.W_ROM_SOFT(DATA_WIDTH=1,DATA_DEP...
Compiling module xil_defaultlib.W_ROM(DATA_WIDTH=1,DATA_DEPTH=32...
Compiling module xil_defaultlib.mem2p11_dxw_p(DEPTH=32768,WIDTH=...
Compiling module xil_defaultlib.INDEX_SRAM(WR_DATA_WIDTH=32,RD_D...
Compiling module xil_defaultlib.EC_CTRL(H=128,W=32,D=128,W_ROM_D...
Compiling module xil_defaultlib.BCEDN_ENCODER(H=128,W=32,D=128,N...
Compiling module xil_defaultlib.FMAP_IN_SHIFTREG(H=64,W=16,IN_WI...
Compiling module xil_defaultlib.BINCONV_KERNEL(OUT_WIDTH=13)
Compiling module xil_defaultlib.comparator_2
Compiling module xil_defaultlib.COMPARATOR_default
Compiling module xil_defaultlib.comparator_2(DATA_WIDTH=14)
Compiling module xil_defaultlib.COMPARATOR(N=2,DATA_WIDTH=14)
Compiling module xil_defaultlib.PE_EC_default
Compiling module xil_defaultlib.EC_2_W_ROM_F_7
Compiling module xil_defaultlib.W_ROM_SOFT(DATA_WIDTH=4608,DATA_...
Compiling module xil_defaultlib.W_ROM(DATA_DEPTH=64,MEM_NAME="EC...
Compiling module xil_defaultlib.EC_2_REF_ROM_7
Compiling module xil_defaultlib.W_ROM_SOFT(DATA_WIDTH=14,DATA_DE...
Compiling module xil_defaultlib.W_ROM(DATA_WIDTH=14,DATA_DEPTH=6...
Compiling module xil_defaultlib.EC_2_REF_SIGN_ROM_7
Compiling module xil_defaultlib.W_ROM_SOFT(DATA_WIDTH=1,DATA_DEP...
Compiling module xil_defaultlib.W_ROM(DATA_WIDTH=1,DATA_DEPTH=64...
Compiling module xil_defaultlib.FMAP_OUT_SHIFTREG(N_PE=8)
Compiling module xil_defaultlib.EC_2_W_ROM_F_6
Compiling module xil_defaultlib.W_ROM_SOFT(DATA_WIDTH=4608,DATA_...
Compiling module xil_defaultlib.W_ROM(DATA_DEPTH=64,MEM_NAME="EC...
Compiling module xil_defaultlib.EC_2_REF_ROM_6
Compiling module xil_defaultlib.W_ROM_SOFT(DATA_WIDTH=14,DATA_DE...
Compiling module xil_defaultlib.W_ROM(DATA_WIDTH=14,DATA_DEPTH=6...
Compiling module xil_defaultlib.EC_2_REF_SIGN_ROM_6
Compiling module xil_defaultlib.W_ROM_SOFT(DATA_WIDTH=1,DATA_DEP...
Compiling module xil_defaultlib.W_ROM(DATA_WIDTH=1,DATA_DEPTH=64...
Compiling module xil_defaultlib.EC_2_W_ROM_F_5
Compiling module xil_defaultlib.W_ROM_SOFT(DATA_WIDTH=4608,DATA_...
Compiling module xil_defaultlib.W_ROM(DATA_DEPTH=64,MEM_NAME="EC...
Compiling module xil_defaultlib.EC_2_REF_ROM_5
Compiling module xil_defaultlib.W_ROM_SOFT(DATA_WIDTH=14,DATA_DE...
Compiling module xil_defaultlib.W_ROM(DATA_WIDTH=14,DATA_DEPTH=6...
Compiling module xil_defaultlib.EC_2_REF_SIGN_ROM_5
Compiling module xil_defaultlib.W_ROM_SOFT(DATA_WIDTH=1,DATA_DEP...
Compiling module xil_defaultlib.W_ROM(DATA_WIDTH=1,DATA_DEPTH=64...
Compiling module xil_defaultlib.EC_2_W_ROM_F_4
Compiling module xil_defaultlib.W_ROM_SOFT(DATA_WIDTH=4608,DATA_...
Compiling module xil_defaultlib.W_ROM(DATA_DEPTH=64,MEM_NAME="EC...
Compiling module xil_defaultlib.EC_2_REF_ROM_4
Compiling module xil_defaultlib.W_ROM_SOFT(DATA_WIDTH=14,DATA_DE...
Compiling module xil_defaultlib.W_ROM(DATA_WIDTH=14,DATA_DEPTH=6...
Compiling module xil_defaultlib.EC_2_REF_SIGN_ROM_4
Compiling module xil_defaultlib.W_ROM_SOFT(DATA_WIDTH=1,DATA_DEP...
Compiling module xil_defaultlib.W_ROM(DATA_WIDTH=1,DATA_DEPTH=64...
Compiling module xil_defaultlib.EC_2_W_ROM_F_3
Compiling module xil_defaultlib.W_ROM_SOFT(DATA_WIDTH=4608,DATA_...
Compiling module xil_defaultlib.W_ROM(DATA_DEPTH=64,MEM_NAME="EC...
Compiling module xil_defaultlib.EC_2_REF_ROM_3
Compiling module xil_defaultlib.W_ROM_SOFT(DATA_WIDTH=14,DATA_DE...
Compiling module xil_defaultlib.W_ROM(DATA_WIDTH=14,DATA_DEPTH=6...
Compiling module xil_defaultlib.EC_2_REF_SIGN_ROM_3
Compiling module xil_defaultlib.W_ROM_SOFT(DATA_WIDTH=1,DATA_DEP...
Compiling module xil_defaultlib.W_ROM(DATA_WIDTH=1,DATA_DEPTH=64...
Compiling module xil_defaultlib.EC_2_W_ROM_F_2
Compiling module xil_defaultlib.W_ROM_SOFT(DATA_WIDTH=4608,DATA_...
Compiling module xil_defaultlib.W_ROM(DATA_DEPTH=64,MEM_NAME="EC...
Compiling module xil_defaultlib.EC_2_REF_ROM_2
Compiling module xil_defaultlib.W_ROM_SOFT(DATA_WIDTH=14,DATA_DE...
Compiling module xil_defaultlib.W_ROM(DATA_WIDTH=14,DATA_DEPTH=6...
Compiling module xil_defaultlib.EC_2_REF_SIGN_ROM_2
Compiling module xil_defaultlib.W_ROM_SOFT(DATA_WIDTH=1,DATA_DEP...
Compiling module xil_defaultlib.W_ROM(DATA_WIDTH=1,DATA_DEPTH=64...
Compiling module xil_defaultlib.EC_2_W_ROM_F_1
Compiling module xil_defaultlib.W_ROM_SOFT(DATA_WIDTH=4608,DATA_...
Compiling module xil_defaultlib.W_ROM(DATA_DEPTH=64,MEM_NAME="EC...
Compiling module xil_defaultlib.EC_2_REF_ROM_1
Compiling module xil_defaultlib.W_ROM_SOFT(DATA_WIDTH=14,DATA_DE...
Compiling module xil_defaultlib.W_ROM(DATA_WIDTH=14,DATA_DEPTH=6...
Compiling module xil_defaultlib.EC_2_REF_SIGN_ROM_1
Compiling module xil_defaultlib.W_ROM_SOFT(DATA_WIDTH=1,DATA_DEP...
Compiling module xil_defaultlib.W_ROM(DATA_WIDTH=1,DATA_DEPTH=64...
Compiling module xil_defaultlib.EC_2_W_ROM_F_0
Compiling module xil_defaultlib.W_ROM_SOFT(DATA_WIDTH=4608,DATA_...
Compiling module xil_defaultlib.W_ROM(DATA_DEPTH=64,MEM_NAME="EC...
Compiling module xil_defaultlib.EC_2_REF_ROM_0
Compiling module xil_defaultlib.W_ROM_SOFT(DATA_WIDTH=14,DATA_DE...
Compiling module xil_defaultlib.W_ROM(DATA_WIDTH=14,DATA_DEPTH=6...
Compiling module xil_defaultlib.EC_2_REF_SIGN_ROM_0
Compiling module xil_defaultlib.W_ROM_SOFT(DATA_WIDTH=1,DATA_DEP...
Compiling module xil_defaultlib.W_ROM(DATA_WIDTH=1,DATA_DEPTH=64...
Compiling module xil_defaultlib.mem2p11_dxw_p(DEPTH=16384,WIDTH=...
Compiling module xil_defaultlib.INDEX_SRAM(WR_DATA_WIDTH=16,RD_D...
Compiling module xil_defaultlib.EC_CTRL(H=64,W=16,W_ROM_DATA_DEP...
Compiling module xil_defaultlib.BCEDN_ENCODER(H=64,W=16,N_PE=8,N...
Compiling module xil_defaultlib.FMAP_IN_SHIFTREG(W=8,IN_WINDOW_H...
Compiling module xil_defaultlib.EC_3_W_ROM_F_3
Compiling module xil_defaultlib.W_ROM_SOFT(DATA_WIDTH=4608,DATA_...
Compiling module xil_defaultlib.W_ROM(DATA_DEPTH=128,MEM_NAME="E...
Compiling module xil_defaultlib.EC_3_REF_SOFT_ROM_3
Compiling module xil_defaultlib.W_ROM_SOFT(DATA_WIDTH=14,DATA_DE...
Compiling module xil_defaultlib.W_ROM(DATA_WIDTH=14,DATA_DEPTH=1...
Compiling module xil_defaultlib.EC_3_REF_SIGN_ROM_3
Compiling module xil_defaultlib.W_ROM_SOFT(DATA_WIDTH=1,DATA_DEP...
Compiling module xil_defaultlib.W_ROM(DATA_WIDTH=1,DATA_DEPTH=12...
Compiling module xil_defaultlib.FMAP_OUT_SHIFTREG(N_PE=4)
Compiling module xil_defaultlib.EC_3_W_ROM_F_2
Compiling module xil_defaultlib.W_ROM_SOFT(DATA_WIDTH=4608,DATA_...
Compiling module xil_defaultlib.W_ROM(DATA_DEPTH=128,MEM_NAME="E...
Compiling module xil_defaultlib.EC_3_REF_SOFT_ROM_2
Compiling module xil_defaultlib.W_ROM_SOFT(DATA_WIDTH=14,DATA_DE...
Compiling module xil_defaultlib.W_ROM(DATA_WIDTH=14,DATA_DEPTH=1...
Compiling module xil_defaultlib.EC_3_REF_SIGN_ROM_2
Compiling module xil_defaultlib.W_ROM_SOFT(DATA_WIDTH=1,DATA_DEP...
Compiling module xil_defaultlib.W_ROM(DATA_WIDTH=1,DATA_DEPTH=12...
Compiling module xil_defaultlib.EC_3_W_ROM_F_1
Compiling module xil_defaultlib.W_ROM_SOFT(DATA_WIDTH=4608,DATA_...
Compiling module xil_defaultlib.W_ROM(DATA_DEPTH=128,MEM_NAME="E...
Compiling module xil_defaultlib.EC_3_REF_SOFT_ROM_1
Compiling module xil_defaultlib.W_ROM_SOFT(DATA_WIDTH=14,DATA_DE...
Compiling module xil_defaultlib.W_ROM(DATA_WIDTH=14,DATA_DEPTH=1...
Compiling module xil_defaultlib.EC_3_REF_SIGN_ROM_1
Compiling module xil_defaultlib.W_ROM_SOFT(DATA_WIDTH=1,DATA_DEP...
Compiling module xil_defaultlib.W_ROM(DATA_WIDTH=1,DATA_DEPTH=12...
Compiling module xil_defaultlib.EC_3_W_ROM_F_0
Compiling module xil_defaultlib.W_ROM_SOFT(DATA_WIDTH=4608,DATA_...
Compiling module xil_defaultlib.W_ROM(DATA_DEPTH=128,MEM_NAME="E...
Compiling module xil_defaultlib.EC_3_REF_SOFT_ROM_0
Compiling module xil_defaultlib.W_ROM_SOFT(DATA_WIDTH=14,DATA_DE...
Compiling module xil_defaultlib.W_ROM(DATA_WIDTH=14,DATA_DEPTH=1...
Compiling module xil_defaultlib.EC_3_REF_SIGN_ROM_0
Compiling module xil_defaultlib.W_ROM_SOFT(DATA_WIDTH=1,DATA_DEP...
Compiling module xil_defaultlib.W_ROM(DATA_WIDTH=1,DATA_DEPTH=12...
Compiling module xil_defaultlib.mem2p11_dxw_p(DEPTH=8192,WIDTH=8...
Compiling module xil_defaultlib.INDEX_SRAM(WR_DATA_WIDTH=8,RD_DA...
Compiling module xil_defaultlib.EC_CTRL(W=8,N_PE=4,P=4)
Compiling module xil_defaultlib.BCEDN_ENCODER(W=8,N_PE=4,NORMREF...
Compiling module xil_defaultlib.FMAP_IN_SHIFTREG(H=16,W=4,IN_WIN...
Compiling module xil_defaultlib.DEMUX_1b_default
Compiling module xil_defaultlib.DEMUX(DATA_WIDTH=1)
Compiling module xil_defaultlib.PE_EDC_default
Compiling module xil_defaultlib.EC_4_W_ROM_F_1
Compiling module xil_defaultlib.W_ROM_SOFT(DATA_WIDTH=4608,DATA_...
Compiling module xil_defaultlib.W_ROM(DATA_DEPTH=256,MEM_NAME="E...
Compiling module xil_defaultlib.EC_4_REF_SOFT_ROM_1
Compiling module xil_defaultlib.W_ROM_SOFT(DATA_WIDTH=14,DATA_DE...
Compiling module xil_defaultlib.W_ROM(DATA_WIDTH=14,DATA_DEPTH=2...
Compiling module xil_defaultlib.EC_4_REF_SIGN_ROM_1
Compiling module xil_defaultlib.W_ROM_SOFT(DATA_WIDTH=1,DATA_DEP...
Compiling module xil_defaultlib.W_ROM(DATA_WIDTH=1,DATA_DEPTH=25...
Compiling module xil_defaultlib.FMAP_OUT_SHIFTREG(N_PE=2)
Compiling module xil_defaultlib.FMAP_OUT_SHIFTREG(N_PE=2,DEPTH=2...
Compiling module xil_defaultlib.EC_4_W_ROM_F_0
Compiling module xil_defaultlib.W_ROM_SOFT(DATA_WIDTH=4608,DATA_...
Compiling module xil_defaultlib.W_ROM(DATA_DEPTH=256,MEM_NAME="E...
Compiling module xil_defaultlib.EC_4_REF_SOFT_ROM_0
Compiling module xil_defaultlib.W_ROM_SOFT(DATA_WIDTH=14,DATA_DE...
Compiling module xil_defaultlib.W_ROM(DATA_WIDTH=14,DATA_DEPTH=2...
Compiling module xil_defaultlib.EC_4_REF_SIGN_ROM_0
Compiling module xil_defaultlib.W_ROM_SOFT(DATA_WIDTH=1,DATA_DEP...
Compiling module xil_defaultlib.W_ROM(DATA_WIDTH=1,DATA_DEPTH=25...
Compiling module xil_defaultlib.EDC_CTRL(H=16,W=4,W_ROM_DATA_DEP...
Compiling module xil_defaultlib.BCEDN_ENDECODER(H=16,W=4,N_PE=2,...
Compiling module xil_defaultlib.FMAP_IN_SHIFTREG(H=16,W=4,POOL_H...
Compiling module xil_defaultlib.PE_DC(NORMREF_WIDTH=14)
Compiling module xil_defaultlib.DC_5_W_ROM_F_3
Compiling module xil_defaultlib.W_ROM_SOFT(DATA_WIDTH=4608,DATA_...
Compiling module xil_defaultlib.W_ROM(DATA_DEPTH=128,MEM_NAME="D...
Compiling module xil_defaultlib.DC_5_REF_ROM_3
Compiling module xil_defaultlib.W_ROM_SOFT(DATA_WIDTH=14,DATA_DE...
Compiling module xil_defaultlib.W_ROM(DATA_WIDTH=14,DATA_DEPTH=1...
Compiling module xil_defaultlib.DC_5_REF_SIGN_ROM_3
Compiling module xil_defaultlib.W_ROM_SOFT(DATA_WIDTH=1,DATA_DEP...
Compiling module xil_defaultlib.W_ROM(DATA_WIDTH=1,DATA_DEPTH=12...
Compiling module xil_defaultlib.FMAP_OUT_SHIFTREG(N_PE=4,DEPTH=4...
Compiling module xil_defaultlib.DC_5_W_ROM_F_2
Compiling module xil_defaultlib.W_ROM_SOFT(DATA_WIDTH=4608,DATA_...
Compiling module xil_defaultlib.W_ROM(DATA_DEPTH=128,MEM_NAME="D...
Compiling module xil_defaultlib.DC_5_REF_ROM_2
Compiling module xil_defaultlib.W_ROM_SOFT(DATA_WIDTH=14,DATA_DE...
Compiling module xil_defaultlib.W_ROM(DATA_WIDTH=14,DATA_DEPTH=1...
Compiling module xil_defaultlib.DC_5_REF_SIGN_ROM_2
Compiling module xil_defaultlib.W_ROM_SOFT(DATA_WIDTH=1,DATA_DEP...
Compiling module xil_defaultlib.W_ROM(DATA_WIDTH=1,DATA_DEPTH=12...
Compiling module xil_defaultlib.DC_5_W_ROM_F_1
Compiling module xil_defaultlib.W_ROM_SOFT(DATA_WIDTH=4608,DATA_...
Compiling module xil_defaultlib.W_ROM(DATA_DEPTH=128,MEM_NAME="D...
Compiling module xil_defaultlib.DC_5_REF_ROM_1
Compiling module xil_defaultlib.W_ROM_SOFT(DATA_WIDTH=14,DATA_DE...
Compiling module xil_defaultlib.W_ROM(DATA_WIDTH=14,DATA_DEPTH=1...
Compiling module xil_defaultlib.DC_5_REF_SIGN_ROM_1
Compiling module xil_defaultlib.W_ROM_SOFT(DATA_WIDTH=1,DATA_DEP...
Compiling module xil_defaultlib.W_ROM(DATA_WIDTH=1,DATA_DEPTH=12...
Compiling module xil_defaultlib.DC_5_W_ROM_F_0
Compiling module xil_defaultlib.W_ROM_SOFT(DATA_WIDTH=4608,DATA_...
Compiling module xil_defaultlib.W_ROM(DATA_DEPTH=128,MEM_NAME="D...
Compiling module xil_defaultlib.DC_5_REF_ROM_0
Compiling module xil_defaultlib.W_ROM_SOFT(DATA_WIDTH=14,DATA_DE...
Compiling module xil_defaultlib.W_ROM(DATA_WIDTH=14,DATA_DEPTH=1...
Compiling module xil_defaultlib.DC_5_REF_SIGN_ROM_0
Compiling module xil_defaultlib.W_ROM_SOFT(DATA_WIDTH=1,DATA_DEP...
Compiling module xil_defaultlib.W_ROM(DATA_WIDTH=1,DATA_DEPTH=12...
Compiling module xil_defaultlib.DC_CTRL(H=16,W=4,N_PE=4,P=8,N_V_...
Compiling module xil_defaultlib.BCEDN_DECODER(H=16,W=4,N_PE=4,NO...
Compiling module xil_defaultlib.FMAP_IN_SHIFTREG(W=8,POOL_H=1,PO...
Compiling module xil_defaultlib.DC_6_W_ROM_F_7
Compiling module xil_defaultlib.W_ROM_SOFT(DATA_WIDTH=4608,DATA_...
Compiling module xil_defaultlib.W_ROM(DATA_DEPTH=64,MEM_NAME="DC...
Compiling module xil_defaultlib.DC_6_REF_ROM_7
Compiling module xil_defaultlib.W_ROM_SOFT(DATA_WIDTH=14,DATA_DE...
Compiling module xil_defaultlib.W_ROM(DATA_WIDTH=14,DATA_DEPTH=6...
Compiling module xil_defaultlib.DC_6_REF_SIGN_ROM_7
Compiling module xil_defaultlib.W_ROM_SOFT(DATA_WIDTH=1,DATA_DEP...
Compiling module xil_defaultlib.W_ROM(DATA_WIDTH=1,DATA_DEPTH=64...
Compiling module xil_defaultlib.FMAP_OUT_SHIFTREG(N_PE=8,DEPTH=8...
Compiling module xil_defaultlib.DC_6_W_ROM_F_6
Compiling module xil_defaultlib.W_ROM_SOFT(DATA_WIDTH=4608,DATA_...
Compiling module xil_defaultlib.W_ROM(DATA_DEPTH=64,MEM_NAME="DC...
Compiling module xil_defaultlib.DC_6_REF_ROM_6
Compiling module xil_defaultlib.W_ROM_SOFT(DATA_WIDTH=14,DATA_DE...
Compiling module xil_defaultlib.W_ROM(DATA_WIDTH=14,DATA_DEPTH=6...
Compiling module xil_defaultlib.DC_6_REF_SIGN_ROM_6
Compiling module xil_defaultlib.W_ROM_SOFT(DATA_WIDTH=1,DATA_DEP...
Compiling module xil_defaultlib.W_ROM(DATA_WIDTH=1,DATA_DEPTH=64...
Compiling module xil_defaultlib.DC_6_W_ROM_F_5
Compiling module xil_defaultlib.W_ROM_SOFT(DATA_WIDTH=4608,DATA_...
Compiling module xil_defaultlib.W_ROM(DATA_DEPTH=64,MEM_NAME="DC...
Compiling module xil_defaultlib.DC_6_REF_ROM_5
Compiling module xil_defaultlib.W_ROM_SOFT(DATA_WIDTH=14,DATA_DE...
Compiling module xil_defaultlib.W_ROM(DATA_WIDTH=14,DATA_DEPTH=6...
Compiling module xil_defaultlib.DC_6_REF_SIGN_ROM_5
Compiling module xil_defaultlib.W_ROM_SOFT(DATA_WIDTH=1,DATA_DEP...
Compiling module xil_defaultlib.W_ROM(DATA_WIDTH=1,DATA_DEPTH=64...
Compiling module xil_defaultlib.DC_6_W_ROM_F_4
Compiling module xil_defaultlib.W_ROM_SOFT(DATA_WIDTH=4608,DATA_...
Compiling module xil_defaultlib.W_ROM(DATA_DEPTH=64,MEM_NAME="DC...
Compiling module xil_defaultlib.DC_6_REF_ROM_4
Compiling module xil_defaultlib.W_ROM_SOFT(DATA_WIDTH=14,DATA_DE...
Compiling module xil_defaultlib.W_ROM(DATA_WIDTH=14,DATA_DEPTH=6...
Compiling module xil_defaultlib.DC_6_REF_SIGN_ROM_4
Compiling module xil_defaultlib.W_ROM_SOFT(DATA_WIDTH=1,DATA_DEP...
Compiling module xil_defaultlib.W_ROM(DATA_WIDTH=1,DATA_DEPTH=64...
Compiling module xil_defaultlib.DC_6_W_ROM_F_3
Compiling module xil_defaultlib.W_ROM_SOFT(DATA_WIDTH=4608,DATA_...
Compiling module xil_defaultlib.W_ROM(DATA_DEPTH=64,MEM_NAME="DC...
Compiling module xil_defaultlib.DC_6_REF_ROM_3
Compiling module xil_defaultlib.W_ROM_SOFT(DATA_WIDTH=14,DATA_DE...
Compiling module xil_defaultlib.W_ROM(DATA_WIDTH=14,DATA_DEPTH=6...
Compiling module xil_defaultlib.DC_6_REF_SIGN_ROM_3
Compiling module xil_defaultlib.W_ROM_SOFT(DATA_WIDTH=1,DATA_DEP...
Compiling module xil_defaultlib.W_ROM(DATA_WIDTH=1,DATA_DEPTH=64...
Compiling module xil_defaultlib.DC_6_W_ROM_F_2
Compiling module xil_defaultlib.W_ROM_SOFT(DATA_WIDTH=4608,DATA_...
Compiling module xil_defaultlib.W_ROM(DATA_DEPTH=64,MEM_NAME="DC...
Compiling module xil_defaultlib.DC_6_REF_ROM_2
Compiling module xil_defaultlib.W_ROM_SOFT(DATA_WIDTH=14,DATA_DE...
Compiling module xil_defaultlib.W_ROM(DATA_WIDTH=14,DATA_DEPTH=6...
Compiling module xil_defaultlib.DC_6_REF_SIGN_ROM_2
Compiling module xil_defaultlib.W_ROM_SOFT(DATA_WIDTH=1,DATA_DEP...
Compiling module xil_defaultlib.W_ROM(DATA_WIDTH=1,DATA_DEPTH=64...
Compiling module xil_defaultlib.DC_6_W_ROM_F_1
Compiling module xil_defaultlib.W_ROM_SOFT(DATA_WIDTH=4608,DATA_...
Compiling module xil_defaultlib.W_ROM(DATA_DEPTH=64,MEM_NAME="DC...
Compiling module xil_defaultlib.DC_6_REF_ROM_1
Compiling module xil_defaultlib.W_ROM_SOFT(DATA_WIDTH=14,DATA_DE...
Compiling module xil_defaultlib.W_ROM(DATA_WIDTH=14,DATA_DEPTH=6...
Compiling module xil_defaultlib.DC_6_REF_SIGN_ROM_1
Compiling module xil_defaultlib.W_ROM_SOFT(DATA_WIDTH=1,DATA_DEP...
Compiling module xil_defaultlib.W_ROM(DATA_WIDTH=1,DATA_DEPTH=64...
Compiling module xil_defaultlib.DC_6_W_ROM_F_0
Compiling module xil_defaultlib.W_ROM_SOFT(DATA_WIDTH=4608,DATA_...
Compiling module xil_defaultlib.W_ROM(DATA_DEPTH=64,MEM_NAME="DC...
Compiling module xil_defaultlib.DC_6_REF_ROM_0
Compiling module xil_defaultlib.W_ROM_SOFT(DATA_WIDTH=14,DATA_DE...
Compiling module xil_defaultlib.W_ROM(DATA_WIDTH=14,DATA_DEPTH=6...
Compiling module xil_defaultlib.DC_6_REF_SIGN_ROM_0
Compiling module xil_defaultlib.W_ROM_SOFT(DATA_WIDTH=1,DATA_DEP...
Compiling module xil_defaultlib.W_ROM(DATA_WIDTH=1,DATA_DEPTH=64...
Compiling module xil_defaultlib.DC_CTRL(W=8,W_ROM_DATA_DEPTH=64,...
Compiling module xil_defaultlib.BCEDN_DECODER(W=8,N_PE=8,NORMREF...
Compiling module xil_defaultlib.FMAP_IN_SHIFTREG(H=64,W=16,POOL_...
Compiling module xil_defaultlib.DC_7_W_ROM_F_15
Compiling module xil_defaultlib.W_ROM_SOFT(DATA_WIDTH=4608,DATA_...
Compiling module xil_defaultlib.W_ROM(DATA_DEPTH=32,MEM_NAME="DC...
Compiling module xil_defaultlib.DC_7_REF_ROM_15
Compiling module xil_defaultlib.W_ROM_SOFT(DATA_WIDTH=14,DATA_DE...
Compiling module xil_defaultlib.W_ROM(DATA_WIDTH=14,DATA_DEPTH=3...
Compiling module xil_defaultlib.DC_7_REF_SIGN_ROM_15
Compiling module xil_defaultlib.W_ROM_SOFT(DATA_WIDTH=1,DATA_DEP...
Compiling module xil_defaultlib.W_ROM(DATA_WIDTH=1,DATA_DEPTH=32...
Compiling module xil_defaultlib.FMAP_OUT_SHIFTREG(N_PE=16,DEPTH=...
Compiling module xil_defaultlib.DC_7_W_ROM_F_14
Compiling module xil_defaultlib.W_ROM_SOFT(DATA_WIDTH=4608,DATA_...
Compiling module xil_defaultlib.W_ROM(DATA_DEPTH=32,MEM_NAME="DC...
Compiling module xil_defaultlib.DC_7_REF_ROM_14
Compiling module xil_defaultlib.W_ROM_SOFT(DATA_WIDTH=14,DATA_DE...
Compiling module xil_defaultlib.W_ROM(DATA_WIDTH=14,DATA_DEPTH=3...
Compiling module xil_defaultlib.DC_7_REF_SIGN_ROM_14
Compiling module xil_defaultlib.W_ROM_SOFT(DATA_WIDTH=1,DATA_DEP...
Compiling module xil_defaultlib.W_ROM(DATA_WIDTH=1,DATA_DEPTH=32...
Compiling module xil_defaultlib.DC_7_W_ROM_F_13
Compiling module xil_defaultlib.W_ROM_SOFT(DATA_WIDTH=4608,DATA_...
Compiling module xil_defaultlib.W_ROM(DATA_DEPTH=32,MEM_NAME="DC...
Compiling module xil_defaultlib.DC_7_REF_ROM_13
Compiling module xil_defaultlib.W_ROM_SOFT(DATA_WIDTH=14,DATA_DE...
Compiling module xil_defaultlib.W_ROM(DATA_WIDTH=14,DATA_DEPTH=3...
Compiling module xil_defaultlib.DC_7_REF_SIGN_ROM_13
Compiling module xil_defaultlib.W_ROM_SOFT(DATA_WIDTH=1,DATA_DEP...
Compiling module xil_defaultlib.W_ROM(DATA_WIDTH=1,DATA_DEPTH=32...
Compiling module xil_defaultlib.DC_7_W_ROM_F_12
Compiling module xil_defaultlib.W_ROM_SOFT(DATA_WIDTH=4608,DATA_...
Compiling module xil_defaultlib.W_ROM(DATA_DEPTH=32,MEM_NAME="DC...
Compiling module xil_defaultlib.DC_7_REF_ROM_12
Compiling module xil_defaultlib.W_ROM_SOFT(DATA_WIDTH=14,DATA_DE...
Compiling module xil_defaultlib.W_ROM(DATA_WIDTH=14,DATA_DEPTH=3...
Compiling module xil_defaultlib.DC_7_REF_SIGN_ROM_12
Compiling module xil_defaultlib.W_ROM_SOFT(DATA_WIDTH=1,DATA_DEP...
Compiling module xil_defaultlib.W_ROM(DATA_WIDTH=1,DATA_DEPTH=32...
Compiling module xil_defaultlib.DC_7_W_ROM_F_11
Compiling module xil_defaultlib.W_ROM_SOFT(DATA_WIDTH=4608,DATA_...
Compiling module xil_defaultlib.W_ROM(DATA_DEPTH=32,MEM_NAME="DC...
Compiling module xil_defaultlib.DC_7_REF_ROM_11
Compiling module xil_defaultlib.W_ROM_SOFT(DATA_WIDTH=14,DATA_DE...
Compiling module xil_defaultlib.W_ROM(DATA_WIDTH=14,DATA_DEPTH=3...
Compiling module xil_defaultlib.DC_7_REF_SIGN_ROM_11
Compiling module xil_defaultlib.W_ROM_SOFT(DATA_WIDTH=1,DATA_DEP...
Compiling module xil_defaultlib.W_ROM(DATA_WIDTH=1,DATA_DEPTH=32...
Compiling module xil_defaultlib.DC_7_W_ROM_F_10
Compiling module xil_defaultlib.W_ROM_SOFT(DATA_WIDTH=4608,DATA_...
Compiling module xil_defaultlib.W_ROM(DATA_DEPTH=32,MEM_NAME="DC...
Compiling module xil_defaultlib.DC_7_REF_ROM_10
Compiling module xil_defaultlib.W_ROM_SOFT(DATA_WIDTH=14,DATA_DE...
Compiling module xil_defaultlib.W_ROM(DATA_WIDTH=14,DATA_DEPTH=3...
Compiling module xil_defaultlib.DC_7_REF_SIGN_ROM_10
Compiling module xil_defaultlib.W_ROM_SOFT(DATA_WIDTH=1,DATA_DEP...
Compiling module xil_defaultlib.W_ROM(DATA_WIDTH=1,DATA_DEPTH=32...
Compiling module xil_defaultlib.DC_7_W_ROM_F_9
Compiling module xil_defaultlib.W_ROM_SOFT(DATA_WIDTH=4608,DATA_...
Compiling module xil_defaultlib.W_ROM(DATA_DEPTH=32,MEM_NAME="DC...
Compiling module xil_defaultlib.DC_7_REF_ROM_9
Compiling module xil_defaultlib.W_ROM_SOFT(DATA_WIDTH=14,DATA_DE...
Compiling module xil_defaultlib.W_ROM(DATA_WIDTH=14,DATA_DEPTH=3...
Compiling module xil_defaultlib.DC_7_REF_SIGN_ROM_9
Compiling module xil_defaultlib.W_ROM_SOFT(DATA_WIDTH=1,DATA_DEP...
Compiling module xil_defaultlib.W_ROM(DATA_WIDTH=1,DATA_DEPTH=32...
Compiling module xil_defaultlib.DC_7_W_ROM_F_8
Compiling module xil_defaultlib.W_ROM_SOFT(DATA_WIDTH=4608,DATA_...
Compiling module xil_defaultlib.W_ROM(DATA_DEPTH=32,MEM_NAME="DC...
Compiling module xil_defaultlib.DC_7_REF_ROM_8
Compiling module xil_defaultlib.W_ROM_SOFT(DATA_WIDTH=14,DATA_DE...
Compiling module xil_defaultlib.W_ROM(DATA_WIDTH=14,DATA_DEPTH=3...
Compiling module xil_defaultlib.DC_7_REF_SIGN_ROM_8
Compiling module xil_defaultlib.W_ROM_SOFT(DATA_WIDTH=1,DATA_DEP...
Compiling module xil_defaultlib.W_ROM(DATA_WIDTH=1,DATA_DEPTH=32...
Compiling module xil_defaultlib.DC_7_W_ROM_F_7
Compiling module xil_defaultlib.W_ROM_SOFT(DATA_WIDTH=4608,DATA_...
Compiling module xil_defaultlib.W_ROM(DATA_DEPTH=32,MEM_NAME="DC...
Compiling module xil_defaultlib.DC_7_REF_ROM_7
Compiling module xil_defaultlib.W_ROM_SOFT(DATA_WIDTH=14,DATA_DE...
Compiling module xil_defaultlib.W_ROM(DATA_WIDTH=14,DATA_DEPTH=3...
Compiling module xil_defaultlib.DC_7_REF_SIGN_ROM_7
Compiling module xil_defaultlib.W_ROM_SOFT(DATA_WIDTH=1,DATA_DEP...
Compiling module xil_defaultlib.W_ROM(DATA_WIDTH=1,DATA_DEPTH=32...
Compiling module xil_defaultlib.DC_7_W_ROM_F_6
Compiling module xil_defaultlib.W_ROM_SOFT(DATA_WIDTH=4608,DATA_...
Compiling module xil_defaultlib.W_ROM(DATA_DEPTH=32,MEM_NAME="DC...
Compiling module xil_defaultlib.DC_7_REF_ROM_6
Compiling module xil_defaultlib.W_ROM_SOFT(DATA_WIDTH=14,DATA_DE...
Compiling module xil_defaultlib.W_ROM(DATA_WIDTH=14,DATA_DEPTH=3...
Compiling module xil_defaultlib.DC_7_REF_SIGN_ROM_6
Compiling module xil_defaultlib.W_ROM_SOFT(DATA_WIDTH=1,DATA_DEP...
Compiling module xil_defaultlib.W_ROM(DATA_WIDTH=1,DATA_DEPTH=32...
Compiling module xil_defaultlib.DC_7_W_ROM_F_5
Compiling module xil_defaultlib.W_ROM_SOFT(DATA_WIDTH=4608,DATA_...
Compiling module xil_defaultlib.W_ROM(DATA_DEPTH=32,MEM_NAME="DC...
Compiling module xil_defaultlib.DC_7_REF_ROM_5
Compiling module xil_defaultlib.W_ROM_SOFT(DATA_WIDTH=14,DATA_DE...
Compiling module xil_defaultlib.W_ROM(DATA_WIDTH=14,DATA_DEPTH=3...
Compiling module xil_defaultlib.DC_7_REF_SIGN_ROM_5
Compiling module xil_defaultlib.W_ROM_SOFT(DATA_WIDTH=1,DATA_DEP...
Compiling module xil_defaultlib.W_ROM(DATA_WIDTH=1,DATA_DEPTH=32...
Compiling module xil_defaultlib.DC_7_W_ROM_F_4
Compiling module xil_defaultlib.W_ROM_SOFT(DATA_WIDTH=4608,DATA_...
Compiling module xil_defaultlib.W_ROM(DATA_DEPTH=32,MEM_NAME="DC...
Compiling module xil_defaultlib.DC_7_REF_ROM_4
Compiling module xil_defaultlib.W_ROM_SOFT(DATA_WIDTH=14,DATA_DE...
Compiling module xil_defaultlib.W_ROM(DATA_WIDTH=14,DATA_DEPTH=3...
Compiling module xil_defaultlib.DC_7_REF_SIGN_ROM_4
Compiling module xil_defaultlib.W_ROM_SOFT(DATA_WIDTH=1,DATA_DEP...
Compiling module xil_defaultlib.W_ROM(DATA_WIDTH=1,DATA_DEPTH=32...
Compiling module xil_defaultlib.DC_7_W_ROM_F_3
Compiling module xil_defaultlib.W_ROM_SOFT(DATA_WIDTH=4608,DATA_...
Compiling module xil_defaultlib.W_ROM(DATA_DEPTH=32,MEM_NAME="DC...
Compiling module xil_defaultlib.DC_7_REF_ROM_3
Compiling module xil_defaultlib.W_ROM_SOFT(DATA_WIDTH=14,DATA_DE...
Compiling module xil_defaultlib.W_ROM(DATA_WIDTH=14,DATA_DEPTH=3...
Compiling module xil_defaultlib.DC_7_REF_SIGN_ROM_3
Compiling module xil_defaultlib.W_ROM_SOFT(DATA_WIDTH=1,DATA_DEP...
Compiling module xil_defaultlib.W_ROM(DATA_WIDTH=1,DATA_DEPTH=32...
Compiling module xil_defaultlib.DC_7_W_ROM_F_2
Compiling module xil_defaultlib.W_ROM_SOFT(DATA_WIDTH=4608,DATA_...
Compiling module xil_defaultlib.W_ROM(DATA_DEPTH=32,MEM_NAME="DC...
Compiling module xil_defaultlib.DC_7_REF_ROM_2
Compiling module xil_defaultlib.W_ROM_SOFT(DATA_WIDTH=14,DATA_DE...
Compiling module xil_defaultlib.W_ROM(DATA_WIDTH=14,DATA_DEPTH=3...
Compiling module xil_defaultlib.DC_7_REF_SIGN_ROM_2
Compiling module xil_defaultlib.W_ROM_SOFT(DATA_WIDTH=1,DATA_DEP...
Compiling module xil_defaultlib.W_ROM(DATA_WIDTH=1,DATA_DEPTH=32...
Compiling module xil_defaultlib.DC_7_W_ROM_F_1
Compiling module xil_defaultlib.W_ROM_SOFT(DATA_WIDTH=4608,DATA_...
Compiling module xil_defaultlib.W_ROM(DATA_DEPTH=32,MEM_NAME="DC...
Compiling module xil_defaultlib.DC_7_REF_ROM_1
Compiling module xil_defaultlib.W_ROM_SOFT(DATA_WIDTH=14,DATA_DE...
Compiling module xil_defaultlib.W_ROM(DATA_WIDTH=14,DATA_DEPTH=3...
Compiling module xil_defaultlib.DC_7_REF_SIGN_ROM_1
Compiling module xil_defaultlib.W_ROM_SOFT(DATA_WIDTH=1,DATA_DEP...
Compiling module xil_defaultlib.W_ROM(DATA_WIDTH=1,DATA_DEPTH=32...
Compiling module xil_defaultlib.DC_7_W_ROM_F_0
Compiling module xil_defaultlib.W_ROM_SOFT(DATA_WIDTH=4608,DATA_...
Compiling module xil_defaultlib.W_ROM(DATA_DEPTH=32,MEM_NAME="DC...
Compiling module xil_defaultlib.DC_7_REF_ROM_0
Compiling module xil_defaultlib.W_ROM_SOFT(DATA_WIDTH=14,DATA_DE...
Compiling module xil_defaultlib.W_ROM(DATA_WIDTH=14,DATA_DEPTH=3...
Compiling module xil_defaultlib.DC_7_REF_SIGN_ROM_0
Compiling module xil_defaultlib.W_ROM_SOFT(DATA_WIDTH=1,DATA_DEP...
Compiling module xil_defaultlib.W_ROM(DATA_WIDTH=1,DATA_DEPTH=32...
Compiling module xil_defaultlib.DC_CTRL(H=64,W=16,W_ROM_DATA_DEP...
Compiling module xil_defaultlib.BCEDN_DECODER(H=64,W=16,N_PE=16,...
Compiling module xil_defaultlib.FMAP_IN_SHIFTREG(H=128,W=32,POOL...
Compiling module xil_defaultlib.PE_DC(POOL_H=1,POOL_W=1,NORMREF_...
Compiling module xil_defaultlib.DC_8_W_ROM_F_15
Compiling module xil_defaultlib.W_ROM_SOFT(DATA_WIDTH=4608,DATA_...
Compiling module xil_defaultlib.W_ROM(DATA_DEPTH=32,MEM_NAME="DC...
Compiling module xil_defaultlib.DC_8_REF_ROM_15
Compiling module xil_defaultlib.W_ROM_SOFT(DATA_WIDTH=14,DATA_DE...
Compiling module xil_defaultlib.W_ROM(DATA_WIDTH=14,DATA_DEPTH=3...
Compiling module xil_defaultlib.DC_8_REF_SIGN_ROM_15
Compiling module xil_defaultlib.W_ROM_SOFT(DATA_WIDTH=1,DATA_DEP...
Compiling module xil_defaultlib.W_ROM(DATA_WIDTH=1,DATA_DEPTH=32...
Compiling module xil_defaultlib.DC_8_W_ROM_F_14
Compiling module xil_defaultlib.W_ROM_SOFT(DATA_WIDTH=4608,DATA_...
Compiling module xil_defaultlib.W_ROM(DATA_DEPTH=32,MEM_NAME="DC...
Compiling module xil_defaultlib.DC_8_REF_ROM_14
Compiling module xil_defaultlib.W_ROM_SOFT(DATA_WIDTH=14,DATA_DE...
Compiling module xil_defaultlib.W_ROM(DATA_WIDTH=14,DATA_DEPTH=3...
Compiling module xil_defaultlib.DC_8_REF_SIGN_ROM_14
Compiling module xil_defaultlib.W_ROM_SOFT(DATA_WIDTH=1,DATA_DEP...
Compiling module xil_defaultlib.W_ROM(DATA_WIDTH=1,DATA_DEPTH=32...
Compiling module xil_defaultlib.DC_8_W_ROM_F_13
Compiling module xil_defaultlib.W_ROM_SOFT(DATA_WIDTH=4608,DATA_...
Compiling module xil_defaultlib.W_ROM(DATA_DEPTH=32,MEM_NAME="DC...
Compiling module xil_defaultlib.DC_8_REF_ROM_13
Compiling module xil_defaultlib.W_ROM_SOFT(DATA_WIDTH=14,DATA_DE...
Compiling module xil_defaultlib.W_ROM(DATA_WIDTH=14,DATA_DEPTH=3...
Compiling module xil_defaultlib.DC_8_REF_SIGN_ROM_13
Compiling module xil_defaultlib.W_ROM_SOFT(DATA_WIDTH=1,DATA_DEP...
Compiling module xil_defaultlib.W_ROM(DATA_WIDTH=1,DATA_DEPTH=32...
Compiling module xil_defaultlib.DC_8_W_ROM_F_12
Compiling module xil_defaultlib.W_ROM_SOFT(DATA_WIDTH=4608,DATA_...
Compiling module xil_defaultlib.W_ROM(DATA_DEPTH=32,MEM_NAME="DC...
Compiling module xil_defaultlib.DC_8_REF_ROM_12
Compiling module xil_defaultlib.W_ROM_SOFT(DATA_WIDTH=14,DATA_DE...
Compiling module xil_defaultlib.W_ROM(DATA_WIDTH=14,DATA_DEPTH=3...
Compiling module xil_defaultlib.DC_8_REF_SIGN_ROM_12
Compiling module xil_defaultlib.W_ROM_SOFT(DATA_WIDTH=1,DATA_DEP...
Compiling module xil_defaultlib.W_ROM(DATA_WIDTH=1,DATA_DEPTH=32...
Compiling module xil_defaultlib.DC_8_W_ROM_F_11
Compiling module xil_defaultlib.W_ROM_SOFT(DATA_WIDTH=4608,DATA_...
Compiling module xil_defaultlib.W_ROM(DATA_DEPTH=32,MEM_NAME="DC...
Compiling module xil_defaultlib.DC_8_REF_ROM_11
Compiling module xil_defaultlib.W_ROM_SOFT(DATA_WIDTH=14,DATA_DE...
Compiling module xil_defaultlib.W_ROM(DATA_WIDTH=14,DATA_DEPTH=3...
Compiling module xil_defaultlib.DC_8_REF_SIGN_ROM_11
Compiling module xil_defaultlib.W_ROM_SOFT(DATA_WIDTH=1,DATA_DEP...
Compiling module xil_defaultlib.W_ROM(DATA_WIDTH=1,DATA_DEPTH=32...
Compiling module xil_defaultlib.DC_8_W_ROM_F_10
Compiling module xil_defaultlib.W_ROM_SOFT(DATA_WIDTH=4608,DATA_...
Compiling module xil_defaultlib.W_ROM(DATA_DEPTH=32,MEM_NAME="DC...
Compiling module xil_defaultlib.DC_8_REF_ROM_10
Compiling module xil_defaultlib.W_ROM_SOFT(DATA_WIDTH=14,DATA_DE...
Compiling module xil_defaultlib.W_ROM(DATA_WIDTH=14,DATA_DEPTH=3...
Compiling module xil_defaultlib.DC_8_REF_SIGN_ROM_10
Compiling module xil_defaultlib.W_ROM_SOFT(DATA_WIDTH=1,DATA_DEP...
Compiling module xil_defaultlib.W_ROM(DATA_WIDTH=1,DATA_DEPTH=32...
Compiling module xil_defaultlib.DC_8_W_ROM_F_9
Compiling module xil_defaultlib.W_ROM_SOFT(DATA_WIDTH=4608,DATA_...
Compiling module xil_defaultlib.W_ROM(DATA_DEPTH=32,MEM_NAME="DC...
Compiling module xil_defaultlib.DC_8_REF_ROM_9
Compiling module xil_defaultlib.W_ROM_SOFT(DATA_WIDTH=14,DATA_DE...
Compiling module xil_defaultlib.W_ROM(DATA_WIDTH=14,DATA_DEPTH=3...
Compiling module xil_defaultlib.DC_8_REF_SIGN_ROM_9
Compiling module xil_defaultlib.W_ROM_SOFT(DATA_WIDTH=1,DATA_DEP...
Compiling module xil_defaultlib.W_ROM(DATA_WIDTH=1,DATA_DEPTH=32...
Compiling module xil_defaultlib.DC_8_W_ROM_F_8
Compiling module xil_defaultlib.W_ROM_SOFT(DATA_WIDTH=4608,DATA_...
Compiling module xil_defaultlib.W_ROM(DATA_DEPTH=32,MEM_NAME="DC...
Compiling module xil_defaultlib.DC_8_REF_ROM_8
Compiling module xil_defaultlib.W_ROM_SOFT(DATA_WIDTH=14,DATA_DE...
Compiling module xil_defaultlib.W_ROM(DATA_WIDTH=14,DATA_DEPTH=3...
Compiling module xil_defaultlib.DC_8_REF_SIGN_ROM_8
Compiling module xil_defaultlib.W_ROM_SOFT(DATA_WIDTH=1,DATA_DEP...
Compiling module xil_defaultlib.W_ROM(DATA_WIDTH=1,DATA_DEPTH=32...
Compiling module xil_defaultlib.DC_8_W_ROM_F_7
Compiling module xil_defaultlib.W_ROM_SOFT(DATA_WIDTH=4608,DATA_...
Compiling module xil_defaultlib.W_ROM(DATA_DEPTH=32,MEM_NAME="DC...
Compiling module xil_defaultlib.DC_8_REF_ROM_7
Compiling module xil_defaultlib.W_ROM_SOFT(DATA_WIDTH=14,DATA_DE...
Compiling module xil_defaultlib.W_ROM(DATA_WIDTH=14,DATA_DEPTH=3...
Compiling module xil_defaultlib.DC_8_REF_SIGN_ROM_7
Compiling module xil_defaultlib.W_ROM_SOFT(DATA_WIDTH=1,DATA_DEP...
Compiling module xil_defaultlib.W_ROM(DATA_WIDTH=1,DATA_DEPTH=32...
Compiling module xil_defaultlib.DC_8_W_ROM_F_6
Compiling module xil_defaultlib.W_ROM_SOFT(DATA_WIDTH=4608,DATA_...
Compiling module xil_defaultlib.W_ROM(DATA_DEPTH=32,MEM_NAME="DC...
Compiling module xil_defaultlib.DC_8_REF_ROM_6
Compiling module xil_defaultlib.W_ROM_SOFT(DATA_WIDTH=14,DATA_DE...
Compiling module xil_defaultlib.W_ROM(DATA_WIDTH=14,DATA_DEPTH=3...
Compiling module xil_defaultlib.DC_8_REF_SIGN_ROM_6
Compiling module xil_defaultlib.W_ROM_SOFT(DATA_WIDTH=1,DATA_DEP...
Compiling module xil_defaultlib.W_ROM(DATA_WIDTH=1,DATA_DEPTH=32...
Compiling module xil_defaultlib.DC_8_W_ROM_F_5
Compiling module xil_defaultlib.W_ROM_SOFT(DATA_WIDTH=4608,DATA_...
Compiling module xil_defaultlib.W_ROM(DATA_DEPTH=32,MEM_NAME="DC...
Compiling module xil_defaultlib.DC_8_REF_ROM_5
Compiling module xil_defaultlib.W_ROM_SOFT(DATA_WIDTH=14,DATA_DE...
Compiling module xil_defaultlib.W_ROM(DATA_WIDTH=14,DATA_DEPTH=3...
Compiling module xil_defaultlib.DC_8_REF_SIGN_ROM_5
Compiling module xil_defaultlib.W_ROM_SOFT(DATA_WIDTH=1,DATA_DEP...
Compiling module xil_defaultlib.W_ROM(DATA_WIDTH=1,DATA_DEPTH=32...
Compiling module xil_defaultlib.DC_8_W_ROM_F_4
Compiling module xil_defaultlib.W_ROM_SOFT(DATA_WIDTH=4608,DATA_...
Compiling module xil_defaultlib.W_ROM(DATA_DEPTH=32,MEM_NAME="DC...
Compiling module xil_defaultlib.DC_8_REF_ROM_4
Compiling module xil_defaultlib.W_ROM_SOFT(DATA_WIDTH=14,DATA_DE...
Compiling module xil_defaultlib.W_ROM(DATA_WIDTH=14,DATA_DEPTH=3...
Compiling module xil_defaultlib.DC_8_REF_SIGN_ROM_4
Compiling module xil_defaultlib.W_ROM_SOFT(DATA_WIDTH=1,DATA_DEP...
Compiling module xil_defaultlib.W_ROM(DATA_WIDTH=1,DATA_DEPTH=32...
Compiling module xil_defaultlib.DC_8_W_ROM_F_3
Compiling module xil_defaultlib.W_ROM_SOFT(DATA_WIDTH=4608,DATA_...
Compiling module xil_defaultlib.W_ROM(DATA_DEPTH=32,MEM_NAME="DC...
Compiling module xil_defaultlib.DC_8_REF_ROM_3
Compiling module xil_defaultlib.W_ROM_SOFT(DATA_WIDTH=14,DATA_DE...
Compiling module xil_defaultlib.W_ROM(DATA_WIDTH=14,DATA_DEPTH=3...
Compiling module xil_defaultlib.DC_8_REF_SIGN_ROM_3
Compiling module xil_defaultlib.W_ROM_SOFT(DATA_WIDTH=1,DATA_DEP...
Compiling module xil_defaultlib.W_ROM(DATA_WIDTH=1,DATA_DEPTH=32...
Compiling module xil_defaultlib.DC_8_W_ROM_F_2
Compiling module xil_defaultlib.W_ROM_SOFT(DATA_WIDTH=4608,DATA_...
Compiling module xil_defaultlib.W_ROM(DATA_DEPTH=32,MEM_NAME="DC...
Compiling module xil_defaultlib.DC_8_REF_ROM_2
Compiling module xil_defaultlib.W_ROM_SOFT(DATA_WIDTH=14,DATA_DE...
Compiling module xil_defaultlib.W_ROM(DATA_WIDTH=14,DATA_DEPTH=3...
Compiling module xil_defaultlib.DC_8_REF_SIGN_ROM_2
Compiling module xil_defaultlib.W_ROM_SOFT(DATA_WIDTH=1,DATA_DEP...
Compiling module xil_defaultlib.W_ROM(DATA_WIDTH=1,DATA_DEPTH=32...
Compiling module xil_defaultlib.DC_8_W_ROM_F_1
Compiling module xil_defaultlib.W_ROM_SOFT(DATA_WIDTH=4608,DATA_...
Compiling module xil_defaultlib.W_ROM(DATA_DEPTH=32,MEM_NAME="DC...
Compiling module xil_defaultlib.DC_8_REF_ROM_1
Compiling module xil_defaultlib.W_ROM_SOFT(DATA_WIDTH=14,DATA_DE...
Compiling module xil_defaultlib.W_ROM(DATA_WIDTH=14,DATA_DEPTH=3...
Compiling module xil_defaultlib.DC_8_REF_SIGN_ROM_1
Compiling module xil_defaultlib.W_ROM_SOFT(DATA_WIDTH=1,DATA_DEP...
Compiling module xil_defaultlib.W_ROM(DATA_WIDTH=1,DATA_DEPTH=32...
Compiling module xil_defaultlib.DC_8_W_ROM_F_0
Compiling module xil_defaultlib.W_ROM_SOFT(DATA_WIDTH=4608,DATA_...
Compiling module xil_defaultlib.W_ROM(DATA_DEPTH=32,MEM_NAME="DC...
Compiling module xil_defaultlib.DC_8_REF_ROM_0
Compiling module xil_defaultlib.W_ROM_SOFT(DATA_WIDTH=14,DATA_DE...
Compiling module xil_defaultlib.W_ROM(DATA_WIDTH=14,DATA_DEPTH=3...
Compiling module xil_defaultlib.DC_8_REF_SIGN_ROM_0
Compiling module xil_defaultlib.W_ROM_SOFT(DATA_WIDTH=1,DATA_DEP...
Compiling module xil_defaultlib.W_ROM(DATA_WIDTH=1,DATA_DEPTH=32...
Compiling module xil_defaultlib.DC_CTRL(H=128,W=32,POOL_H=1,POOL...
Compiling module xil_defaultlib.BCEDN_DECODER(H=128,W=32,POOL_H=...
Compiling module xil_defaultlib.FMAP_IN_SHIFTREG(H=128,W=32,FH=1...
Compiling module xil_defaultlib.BINCONV_KERNEL(FH=1,FW=1,OUT_WID...
Compiling module xil_defaultlib.COMPARATOR(N=2,DATA_WIDTH=11)
Compiling module xil_defaultlib.PE_DC(FH=1,FW=1,POOL_H=1,POOL_W=...
Compiling module xil_defaultlib.DC_9_W_ROM_15
Compiling module xil_defaultlib.W_ROM_SOFT(DATA_WIDTH=512,DATA_D...
Compiling module xil_defaultlib.W_ROM(DATA_WIDTH=512,DATA_DEPTH=...
Compiling module xil_defaultlib.DC_9_REF_ROM_15
Compiling module xil_defaultlib.W_ROM_SOFT(DATA_WIDTH=11,DATA_DE...
Compiling module xil_defaultlib.W_ROM(DATA_WIDTH=11,DATA_DEPTH=3...
Compiling module xil_defaultlib.DC_9_REF_SIGN_ROM_15
Compiling module xil_defaultlib.W_ROM_SOFT(DATA_WIDTH=1,DATA_DEP...
Compiling module xil_defaultlib.W_ROM(DATA_WIDTH=1,DATA_DEPTH=32...
Compiling module xil_defaultlib.DC_9_W_ROM_14
Compiling module xil_defaultlib.W_ROM_SOFT(DATA_WIDTH=512,DATA_D...
Compiling module xil_defaultlib.W_ROM(DATA_WIDTH=512,DATA_DEPTH=...
Compiling module xil_defaultlib.DC_9_REF_ROM_14
Compiling module xil_defaultlib.W_ROM_SOFT(DATA_WIDTH=11,DATA_DE...
Compiling module xil_defaultlib.W_ROM(DATA_WIDTH=11,DATA_DEPTH=3...
Compiling module xil_defaultlib.DC_9_REF_SIGN_ROM_14
Compiling module xil_defaultlib.W_ROM_SOFT(DATA_WIDTH=1,DATA_DEP...
Compiling module xil_defaultlib.W_ROM(DATA_WIDTH=1,DATA_DEPTH=32...
Compiling module xil_defaultlib.DC_9_W_ROM_13
Compiling module xil_defaultlib.W_ROM_SOFT(DATA_WIDTH=512,DATA_D...
Compiling module xil_defaultlib.W_ROM(DATA_WIDTH=512,DATA_DEPTH=...
Compiling module xil_defaultlib.DC_9_REF_ROM_13
Compiling module xil_defaultlib.W_ROM_SOFT(DATA_WIDTH=11,DATA_DE...
Compiling module xil_defaultlib.W_ROM(DATA_WIDTH=11,DATA_DEPTH=3...
Compiling module xil_defaultlib.DC_9_REF_SIGN_ROM_13
Compiling module xil_defaultlib.W_ROM_SOFT(DATA_WIDTH=1,DATA_DEP...
Compiling module xil_defaultlib.W_ROM(DATA_WIDTH=1,DATA_DEPTH=32...
Compiling module xil_defaultlib.DC_9_W_ROM_12
Compiling module xil_defaultlib.W_ROM_SOFT(DATA_WIDTH=512,DATA_D...
Compiling module xil_defaultlib.W_ROM(DATA_WIDTH=512,DATA_DEPTH=...
Compiling module xil_defaultlib.DC_9_REF_ROM_12
Compiling module xil_defaultlib.W_ROM_SOFT(DATA_WIDTH=11,DATA_DE...
Compiling module xil_defaultlib.W_ROM(DATA_WIDTH=11,DATA_DEPTH=3...
Compiling module xil_defaultlib.DC_9_REF_SIGN_ROM_12
Compiling module xil_defaultlib.W_ROM_SOFT(DATA_WIDTH=1,DATA_DEP...
Compiling module xil_defaultlib.W_ROM(DATA_WIDTH=1,DATA_DEPTH=32...
Compiling module xil_defaultlib.DC_9_W_ROM_11
Compiling module xil_defaultlib.W_ROM_SOFT(DATA_WIDTH=512,DATA_D...
Compiling module xil_defaultlib.W_ROM(DATA_WIDTH=512,DATA_DEPTH=...
Compiling module xil_defaultlib.DC_9_REF_ROM_11
Compiling module xil_defaultlib.W_ROM_SOFT(DATA_WIDTH=11,DATA_DE...
Compiling module xil_defaultlib.W_ROM(DATA_WIDTH=11,DATA_DEPTH=3...
Compiling module xil_defaultlib.DC_9_REF_SIGN_ROM_11
Compiling module xil_defaultlib.W_ROM_SOFT(DATA_WIDTH=1,DATA_DEP...
Compiling module xil_defaultlib.W_ROM(DATA_WIDTH=1,DATA_DEPTH=32...
Compiling module xil_defaultlib.DC_9_W_ROM_10
Compiling module xil_defaultlib.W_ROM_SOFT(DATA_WIDTH=512,DATA_D...
Compiling module xil_defaultlib.W_ROM(DATA_WIDTH=512,DATA_DEPTH=...
Compiling module xil_defaultlib.DC_9_REF_ROM_10
Compiling module xil_defaultlib.W_ROM_SOFT(DATA_WIDTH=11,DATA_DE...
Compiling module xil_defaultlib.W_ROM(DATA_WIDTH=11,DATA_DEPTH=3...
Compiling module xil_defaultlib.DC_9_REF_SIGN_ROM_10
Compiling module xil_defaultlib.W_ROM_SOFT(DATA_WIDTH=1,DATA_DEP...
Compiling module xil_defaultlib.W_ROM(DATA_WIDTH=1,DATA_DEPTH=32...
Compiling module xil_defaultlib.DC_9_W_ROM_9
Compiling module xil_defaultlib.W_ROM_SOFT(DATA_WIDTH=512,DATA_D...
Compiling module xil_defaultlib.W_ROM(DATA_WIDTH=512,DATA_DEPTH=...
Compiling module xil_defaultlib.DC_9_REF_ROM_9
Compiling module xil_defaultlib.W_ROM_SOFT(DATA_WIDTH=11,DATA_DE...
Compiling module xil_defaultlib.W_ROM(DATA_WIDTH=11,DATA_DEPTH=3...
Compiling module xil_defaultlib.DC_9_REF_SIGN_ROM_9
Compiling module xil_defaultlib.W_ROM_SOFT(DATA_WIDTH=1,DATA_DEP...
Compiling module xil_defaultlib.W_ROM(DATA_WIDTH=1,DATA_DEPTH=32...
Compiling module xil_defaultlib.DC_9_W_ROM_8
Compiling module xil_defaultlib.W_ROM_SOFT(DATA_WIDTH=512,DATA_D...
Compiling module xil_defaultlib.W_ROM(DATA_WIDTH=512,DATA_DEPTH=...
Compiling module xil_defaultlib.DC_9_REF_ROM_8
Compiling module xil_defaultlib.W_ROM_SOFT(DATA_WIDTH=11,DATA_DE...
Compiling module xil_defaultlib.W_ROM(DATA_WIDTH=11,DATA_DEPTH=3...
Compiling module xil_defaultlib.DC_9_REF_SIGN_ROM_8
Compiling module xil_defaultlib.W_ROM_SOFT(DATA_WIDTH=1,DATA_DEP...
Compiling module xil_defaultlib.W_ROM(DATA_WIDTH=1,DATA_DEPTH=32...
Compiling module xil_defaultlib.DC_9_W_ROM_7
Compiling module xil_defaultlib.W_ROM_SOFT(DATA_WIDTH=512,DATA_D...
Compiling module xil_defaultlib.W_ROM(DATA_WIDTH=512,DATA_DEPTH=...
Compiling module xil_defaultlib.DC_9_REF_ROM_7
Compiling module xil_defaultlib.W_ROM_SOFT(DATA_WIDTH=11,DATA_DE...
Compiling module xil_defaultlib.W_ROM(DATA_WIDTH=11,DATA_DEPTH=3...
Compiling module xil_defaultlib.DC_9_REF_SIGN_ROM_7
Compiling module xil_defaultlib.W_ROM_SOFT(DATA_WIDTH=1,DATA_DEP...
Compiling module xil_defaultlib.W_ROM(DATA_WIDTH=1,DATA_DEPTH=32...
Compiling module xil_defaultlib.DC_9_W_ROM_6
Compiling module xil_defaultlib.W_ROM_SOFT(DATA_WIDTH=512,DATA_D...
Compiling module xil_defaultlib.W_ROM(DATA_WIDTH=512,DATA_DEPTH=...
Compiling module xil_defaultlib.DC_9_REF_ROM_6
Compiling module xil_defaultlib.W_ROM_SOFT(DATA_WIDTH=11,DATA_DE...
Compiling module xil_defaultlib.W_ROM(DATA_WIDTH=11,DATA_DEPTH=3...
Compiling module xil_defaultlib.DC_9_REF_SIGN_ROM_6
Compiling module xil_defaultlib.W_ROM_SOFT(DATA_WIDTH=1,DATA_DEP...
Compiling module xil_defaultlib.W_ROM(DATA_WIDTH=1,DATA_DEPTH=32...
Compiling module xil_defaultlib.DC_9_W_ROM_5
Compiling module xil_defaultlib.W_ROM_SOFT(DATA_WIDTH=512,DATA_D...
Compiling module xil_defaultlib.W_ROM(DATA_WIDTH=512,DATA_DEPTH=...
Compiling module xil_defaultlib.DC_9_REF_ROM_5
Compiling module xil_defaultlib.W_ROM_SOFT(DATA_WIDTH=11,DATA_DE...
Compiling module xil_defaultlib.W_ROM(DATA_WIDTH=11,DATA_DEPTH=3...
Compiling module xil_defaultlib.DC_9_REF_SIGN_ROM_5
Compiling module xil_defaultlib.W_ROM_SOFT(DATA_WIDTH=1,DATA_DEP...
Compiling module xil_defaultlib.W_ROM(DATA_WIDTH=1,DATA_DEPTH=32...
Compiling module xil_defaultlib.DC_9_W_ROM_4
Compiling module xil_defaultlib.W_ROM_SOFT(DATA_WIDTH=512,DATA_D...
Compiling module xil_defaultlib.W_ROM(DATA_WIDTH=512,DATA_DEPTH=...
Compiling module xil_defaultlib.DC_9_REF_ROM_4
Compiling module xil_defaultlib.W_ROM_SOFT(DATA_WIDTH=11,DATA_DE...
Compiling module xil_defaultlib.W_ROM(DATA_WIDTH=11,DATA_DEPTH=3...
Compiling module xil_defaultlib.DC_9_REF_SIGN_ROM_4
Compiling module xil_defaultlib.W_ROM_SOFT(DATA_WIDTH=1,DATA_DEP...
Compiling module xil_defaultlib.W_ROM(DATA_WIDTH=1,DATA_DEPTH=32...
Compiling module xil_defaultlib.DC_9_W_ROM_3
Compiling module xil_defaultlib.W_ROM_SOFT(DATA_WIDTH=512,DATA_D...
Compiling module xil_defaultlib.W_ROM(DATA_WIDTH=512,DATA_DEPTH=...
Compiling module xil_defaultlib.DC_9_REF_ROM_3
Compiling module xil_defaultlib.W_ROM_SOFT(DATA_WIDTH=11,DATA_DE...
Compiling module xil_defaultlib.W_ROM(DATA_WIDTH=11,DATA_DEPTH=3...
Compiling module xil_defaultlib.DC_9_REF_SIGN_ROM_3
Compiling module xil_defaultlib.W_ROM_SOFT(DATA_WIDTH=1,DATA_DEP...
Compiling module xil_defaultlib.W_ROM(DATA_WIDTH=1,DATA_DEPTH=32...
Compiling module xil_defaultlib.DC_9_W_ROM_2
Compiling module xil_defaultlib.W_ROM_SOFT(DATA_WIDTH=512,DATA_D...
Compiling module xil_defaultlib.W_ROM(DATA_WIDTH=512,DATA_DEPTH=...
Compiling module xil_defaultlib.DC_9_REF_ROM_2
Compiling module xil_defaultlib.W_ROM_SOFT(DATA_WIDTH=11,DATA_DE...
Compiling module xil_defaultlib.W_ROM(DATA_WIDTH=11,DATA_DEPTH=3...
Compiling module xil_defaultlib.DC_9_REF_SIGN_ROM_2
Compiling module xil_defaultlib.W_ROM_SOFT(DATA_WIDTH=1,DATA_DEP...
Compiling module xil_defaultlib.W_ROM(DATA_WIDTH=1,DATA_DEPTH=32...
Compiling module xil_defaultlib.DC_9_W_ROM_1
Compiling module xil_defaultlib.W_ROM_SOFT(DATA_WIDTH=512,DATA_D...
Compiling module xil_defaultlib.W_ROM(DATA_WIDTH=512,DATA_DEPTH=...
Compiling module xil_defaultlib.DC_9_REF_ROM_1
Compiling module xil_defaultlib.W_ROM_SOFT(DATA_WIDTH=11,DATA_DE...
Compiling module xil_defaultlib.W_ROM(DATA_WIDTH=11,DATA_DEPTH=3...
Compiling module xil_defaultlib.DC_9_REF_SIGN_ROM_1
Compiling module xil_defaultlib.W_ROM_SOFT(DATA_WIDTH=1,DATA_DEP...
Compiling module xil_defaultlib.W_ROM(DATA_WIDTH=1,DATA_DEPTH=32...
Compiling module xil_defaultlib.DC_9_W_ROM_0
Compiling module xil_defaultlib.W_ROM_SOFT(DATA_WIDTH=512,DATA_D...
Compiling module xil_defaultlib.W_ROM(DATA_WIDTH=512,DATA_DEPTH=...
Compiling module xil_defaultlib.DC_9_REF_ROM_0
Compiling module xil_defaultlib.W_ROM_SOFT(DATA_WIDTH=11,DATA_DE...
Compiling module xil_defaultlib.W_ROM(DATA_WIDTH=11,DATA_DEPTH=3...
Compiling module xil_defaultlib.DC_9_REF_SIGN_ROM_0
Compiling module xil_defaultlib.W_ROM_SOFT(DATA_WIDTH=1,DATA_DEP...
Compiling module xil_defaultlib.W_ROM(DATA_WIDTH=1,DATA_DEPTH=32...
Compiling module xil_defaultlib.DC_CTRL(H=128,W=32,FH=1,FW=1,POO...
Compiling module xil_defaultlib.BCEDN_DECODER(H=128,W=32,FH=1,FW...
Compiling module xil_defaultlib.BINCONV_KERNEL(FH=1,FW=1,OUT_WID...
Compiling module xil_defaultlib.PE_OUT(FH=1,FW=1,POOL_H=1,POOL_W...
Compiling module xil_defaultlib.DC_10_W_ROM_0
Compiling module xil_defaultlib.W_ROM_SOFT(DATA_WIDTH=512,DATA_D...
Compiling module xil_defaultlib.W_ROM(DATA_WIDTH=512,DATA_DEPTH=...
Compiling module xil_defaultlib.DC_10_REF_ROM_0
Compiling module xil_defaultlib.W_ROM_SOFT(DATA_WIDTH=12,DATA_DE...
Compiling module xil_defaultlib.W_ROM(DATA_WIDTH=12,DATA_DEPTH=2...
Compiling module xil_defaultlib.DC_10_REF_SCALE_ROM_0
Compiling module xil_defaultlib.W_ROM_SOFT(DATA_WIDTH=12,DATA_DE...
Compiling module xil_defaultlib.W_ROM(DATA_WIDTH=12,DATA_DEPTH=2...
Compiling module xil_defaultlib.DC_CTRL(H=128,W=32,FH=1,FW=1,FD=...
Compiling module xil_defaultlib.BCEDN_DECODER_OUT(H=128,W=32,FH=...
Compiling module xil_defaultlib.BCEDN_TOP_default
Compiling module xil_defaultlib.BCEDN_TOP_tb
WARNING: [XSIM 43-3373] "F:/Vivado_prj/B-CEDNet/src/testbench/BCEDN_TOP_tb.v" Line 166. System function $fscanf is used as system task. This system function should have a LHS e.g. x=$fscanf().
Compiling module xil_defaultlib.glbl
Built simulation snapshot BCEDN_TOP_tb_behav
