#-----------------------------------------------------------
# Vivado v2014.4 (64-bit)
# SW Build 1071353 on Tue Nov 18 16:47:07 MST 2014
# IP Build 1070531 on Tue Nov 18 01:10:18 MST 2014
# Start of session at: Sun Jan 15 10:05:08 2017
# Process ID: 5244
# Log file: /home/tensor_v1/project/B-CEDNet/vivado.log
# Journal file: /home/tensor_v1/project/B-CEDNet/vivado.jou
#-----------------------------------------------------------
start_gui
open_project /home/tensor_v1/project/B-CEDNet/B-CEDNet.xpr
CRITICAL WARNING: [Project 1-19] Could not find the file '/home/tensor_v1/project/B-CEDNet/src/testbench/headers/FMAP_IN_SHIFTREG_tb.vh'.
CRITICAL WARNING: [Project 1-19] Could not find the file '/home/tensor_v1/project/B-CEDNet/src/testbench/headers/BCEDN_ENCODER_tb.vh'.
CRITICAL WARNING: [Project 1-19] Could not find the file '/home/tensor_v1/project/B-CEDNet/src/soft_ip/mem/gen/EC_W_ROM_3.v'.
CRITICAL WARNING: [Project 1-19] Could not find the file '/home/tensor_v1/project/B-CEDNet/src/soft_ip/mem/gen/EC_W_ROM_2.v'.
CRITICAL WARNING: [Project 1-19] Could not find the file '/home/tensor_v1/project/B-CEDNet/src/soft_ip/mem/gen/EC_W_ROM_1.v'.
CRITICAL WARNING: [Project 1-19] Could not find the file '/home/tensor_v1/project/B-CEDNet/src/soft_ip/mem/gen/EC_W_ROM_0.v'.
CRITICAL WARNING: [Project 1-19] Could not find the file '/home/tensor_v1/project/B-CEDNet/src/soft_ip/mem/gen/EC_REF_SOFT_ROM_3.v'.
CRITICAL WARNING: [Project 1-19] Could not find the file '/home/tensor_v1/project/B-CEDNet/src/soft_ip/mem/gen/EC_REF_SOFT_ROM_2.v'.
CRITICAL WARNING: [Project 1-19] Could not find the file '/home/tensor_v1/project/B-CEDNet/src/soft_ip/mem/gen/EC_REF_SOFT_ROM_1.v'.
CRITICAL WARNING: [Project 1-19] Could not find the file '/home/tensor_v1/project/B-CEDNet/src/soft_ip/mem/gen/EC_REF_SOFT_ROM_0.v'.
CRITICAL WARNING: [Project 1-19] Could not find the file '/home/tensor_v1/project/B-CEDNet/src/soft_ip/building_blocks/headers/W_ROM_SOFT.vh'.
CRITICAL WARNING: [Project 1-19] Could not find the file '/home/tensor_v1/project/B-CEDNet/src/testbench/headers/testbench_FMAP_IN_SHIFTREG.vh'.
CRITICAL WARNING: [Project 1-19] Could not find the file '/home/tensor_v1/project/B-CEDNet/src/testbench/BCEDN_ADAPTER_tb.sv'.
CRITICAL WARNING: [Project 1-19] Could not find the file '/home/tensor_v1/project/B-CEDNet/src/testbench/BCEDN_EDCODER.tb'.
Scanning sources...
Finished scanning sources
INFO: [IP_Flow 19-234] Refreshing IP repositories
INFO: [IP_Flow 19-1704] No user IP repositories specified
INFO: [IP_Flow 19-2313] Loaded Vivado IP repository '/opt/Xilinx/Vivado/2014.4/data/ip'.
open_project: Time (s): cpu = 00:00:13 ; elapsed = 00:00:05 . Memory (MB): peak = 5778.836 ; gain = 129.754 ; free physical = 17510 ; free virtual = 59504
update_compile_order -fileset sources_1
update_compile_order -fileset sim_1
add_files -norecurse /home/tensor_v1/project/B-CEDNet/src/testbench/BCEDN_TOP_tb.v
update_compile_order -fileset sources_1
update_compile_order -fileset sources_1
update_compile_order -fileset sources_1
update_compile_order -fileset sources_1
add_files -norecurse /home/tensor_v1/project/B-CEDNet/src/testbench/BCEDN_TOP_tb_bb.v
update_compile_order -fileset sources_1
update_compile_order -fileset sources_1
update_compile_order -fileset sources_1
update_compile_order -fileset sources_1
update_compile_order -fileset sources_1
exit
INFO: [Common 17-206] Exiting Vivado at Mon Jan 30 22:15:01 2017...
