
*** Running vivado
    with args -log c_shift_ram_0.vds -m64 -product Vivado -mode batch -messageDb vivado.pb -notrace -source c_shift_ram_0.tcl


****** Vivado v2018.2 (64-bit)
  **** SW Build 2258646 on Thu Jun 14 20:03:12 MDT 2018
  **** IP Build 2256618 on Thu Jun 14 22:10:49 MDT 2018
    ** Copyright 1986-2018 Xilinx, Inc. All Rights Reserved.

source c_shift_ram_0.tcl -notrace
Command: synth_design -top c_shift_ram_0 -part xcvu9p-flga2104-2L-e -mode out_of_context
Starting synth_design
Attempting to get a license for feature 'Synthesis' and/or device 'xcvu9p'
INFO: [Common 17-349] Got license for feature 'Synthesis' and/or device 'xcvu9p'
INFO: Launching helper process for spawning children vivado processes
INFO: Helper process launched with PID 11896 
---------------------------------------------------------------------------------
Starting RTL Elaboration : Time (s): cpu = 00:00:04 ; elapsed = 00:00:05 . Memory (MB): peak = 882.398 ; gain = 0.000
---------------------------------------------------------------------------------
INFO: [Synth 8-638] synthesizing module 'c_shift_ram_0' [f:/Vivado_prj/B-CEDNet/B-CEDNet.srcs/sources_1/ip/c_shift_ram_0/synth/c_shift_ram_0.vhd:67]
	Parameter C_XDEVICEFAMILY bound to: virtexuplus - type: string 
	Parameter C_VERBOSITY bound to: 0 - type: integer 
	Parameter C_WIDTH bound to: 24 - type: integer 
	Parameter C_DEPTH bound to: 16 - type: integer 
	Parameter C_ADDR_WIDTH bound to: 4 - type: integer 
	Parameter C_SHIFT_TYPE bound to: 0 - type: integer 
	Parameter C_OPT_GOAL bound to: 0 - type: integer 
	Parameter C_AINIT_VAL bound to: 000000000000000000000000 - type: string 
	Parameter C_SINIT_VAL bound to: 000000000000000000000000 - type: string 
	Parameter C_DEFAULT_DATA bound to: 000000000000000000000000 - type: string 
	Parameter C_HAS_A bound to: 0 - type: integer 
	Parameter C_HAS_CE bound to: 0 - type: integer 
	Parameter C_REG_LAST_BIT bound to: 1 - type: integer 
	Parameter C_SYNC_PRIORITY bound to: 1 - type: integer 
	Parameter C_SYNC_ENABLE bound to: 0 - type: integer 
	Parameter C_HAS_SCLR bound to: 0 - type: integer 
	Parameter C_HAS_SSET bound to: 0 - type: integer 
	Parameter C_HAS_SINIT bound to: 0 - type: integer 
	Parameter C_MEM_INIT_FILE bound to: no_coe_file_loaded - type: string 
	Parameter C_ELABORATION_DIR bound to: ./ - type: string 
	Parameter C_READ_MIF bound to: 0 - type: integer 
	Parameter C_PARSER_TYPE bound to: 0 - type: integer 
INFO: [Synth 8-3491] module 'c_shift_ram_v12_0_12' declared at 'f:/Vivado_prj/B-CEDNet/B-CEDNet.srcs/sources_1/ip/c_shift_ram_0/hdl/c_shift_ram_v12_0_vh_rfs.vhd:2590' bound to instance 'U0' of component 'c_shift_ram_v12_0_12' [f:/Vivado_prj/B-CEDNet/B-CEDNet.srcs/sources_1/ip/c_shift_ram_0/synth/c_shift_ram_0.vhd:122]
INFO: [Synth 8-256] done synthesizing module 'c_shift_ram_0' (4#1) [f:/Vivado_prj/B-CEDNet/B-CEDNet.srcs/sources_1/ip/c_shift_ram_0/synth/c_shift_ram_0.vhd:67]
WARNING: [Synth 8-3331] design c_shift_ram_v12_0_12_legacy has unconnected port a[3]
WARNING: [Synth 8-3331] design c_shift_ram_v12_0_12_legacy has unconnected port a[2]
WARNING: [Synth 8-3331] design c_shift_ram_v12_0_12_legacy has unconnected port a[1]
WARNING: [Synth 8-3331] design c_shift_ram_v12_0_12_legacy has unconnected port a[0]
WARNING: [Synth 8-3331] design c_shift_ram_v12_0_12_legacy has unconnected port ce
WARNING: [Synth 8-3331] design c_shift_ram_v12_0_12_legacy has unconnected port aclr
WARNING: [Synth 8-3331] design c_shift_ram_v12_0_12_legacy has unconnected port aset
WARNING: [Synth 8-3331] design c_shift_ram_v12_0_12_legacy has unconnected port ainit
WARNING: [Synth 8-3331] design c_shift_ram_v12_0_12_legacy has unconnected port sclr
WARNING: [Synth 8-3331] design c_shift_ram_v12_0_12_legacy has unconnected port sset
WARNING: [Synth 8-3331] design c_shift_ram_v12_0_12_legacy has unconnected port sinit
---------------------------------------------------------------------------------
Finished RTL Elaboration : Time (s): cpu = 00:00:06 ; elapsed = 00:00:07 . Memory (MB): peak = 882.398 ; gain = 0.000
---------------------------------------------------------------------------------

Report Check Netlist: 
+------+------------------+-------+---------+-------+------------------+
|      |Item              |Errors |Warnings |Status |Description       |
+------+------------------+-------+---------+-------+------------------+
|1     |multi_driven_nets |      0|        0|Passed |Multi driven nets |
+------+------------------+-------+---------+-------+------------------+
---------------------------------------------------------------------------------
Start Handling Custom Attributes
---------------------------------------------------------------------------------
---------------------------------------------------------------------------------
Finished Handling Custom Attributes : Time (s): cpu = 00:00:06 ; elapsed = 00:00:07 . Memory (MB): peak = 882.398 ; gain = 0.000
---------------------------------------------------------------------------------
---------------------------------------------------------------------------------
Finished RTL Optimization Phase 1 : Time (s): cpu = 00:00:06 ; elapsed = 00:00:07 . Memory (MB): peak = 882.398 ; gain = 0.000
---------------------------------------------------------------------------------
INFO: [Device 21-403] Loading part xcvu9p-flga2104-2L-e
INFO: [Project 1-570] Preparing netlist for logic optimization

Processing XDC Constraints
Initializing timing engine
Parsing XDC File [f:/Vivado_prj/B-CEDNet/B-CEDNet.srcs/sources_1/ip/c_shift_ram_0/c_shift_ram_0_ooc.xdc] for cell 'U0'
Finished Parsing XDC File [f:/Vivado_prj/B-CEDNet/B-CEDNet.srcs/sources_1/ip/c_shift_ram_0/c_shift_ram_0_ooc.xdc] for cell 'U0'
Parsing XDC File [F:/Vivado_prj/B-CEDNet/B-CEDNet.runs/c_shift_ram_0_synth_1/dont_touch.xdc]
Finished Parsing XDC File [F:/Vivado_prj/B-CEDNet/B-CEDNet.runs/c_shift_ram_0_synth_1/dont_touch.xdc]
Completed Processing XDC Constraints

INFO: [Project 1-111] Unisim Transformation Summary:
No Unisim elements were transformed.

Constraint Validation Runtime : Time (s): cpu = 00:00:00 ; elapsed = 00:00:00.027 . Memory (MB): peak = 1572.551 ; gain = 0.195
---------------------------------------------------------------------------------
Finished Constraint Validation : Time (s): cpu = 00:00:23 ; elapsed = 00:00:25 . Memory (MB): peak = 1572.551 ; gain = 690.152
---------------------------------------------------------------------------------
---------------------------------------------------------------------------------
Start Loading Part and Timing Information
---------------------------------------------------------------------------------
Loading part: xcvu9p-flga2104-2L-e
---------------------------------------------------------------------------------
Finished Loading Part and Timing Information : Time (s): cpu = 00:00:23 ; elapsed = 00:00:25 . Memory (MB): peak = 1572.551 ; gain = 690.152
---------------------------------------------------------------------------------
---------------------------------------------------------------------------------
Start Applying 'set_property' XDC Constraints
---------------------------------------------------------------------------------
Applied set_property DONT_TOUCH = true for U0. (constraint file  F:/Vivado_prj/B-CEDNet/B-CEDNet.runs/c_shift_ram_0_synth_1/dont_touch.xdc, line 9).
---------------------------------------------------------------------------------
Finished applying 'set_property' XDC Constraints : Time (s): cpu = 00:00:23 ; elapsed = 00:00:25 . Memory (MB): peak = 1572.551 ; gain = 690.152
---------------------------------------------------------------------------------
---------------------------------------------------------------------------------
Finished RTL Optimization Phase 2 : Time (s): cpu = 00:00:23 ; elapsed = 00:00:25 . Memory (MB): peak = 1572.551 ; gain = 690.152
---------------------------------------------------------------------------------

Report RTL Partitions: 
+-+--------------+------------+----------+
| |RTL Partition |Replication |Instances |
+-+--------------+------------+----------+
+-+--------------+------------+----------+
---------------------------------------------------------------------------------
Start RTL Component Statistics 
---------------------------------------------------------------------------------
---------------------------------------------------------------------------------
Finished RTL Component Statistics 
---------------------------------------------------------------------------------
---------------------------------------------------------------------------------
Start RTL Hierarchical Component Statistics 
---------------------------------------------------------------------------------
---------------------------------------------------------------------------------
Finished RTL Hierarchical Component Statistics
---------------------------------------------------------------------------------
---------------------------------------------------------------------------------
Start Part Resource Summary
---------------------------------------------------------------------------------
Part Resources:
DSPs: 6840 (col length:120)
BRAMs: 4320 (col length: RAMB18 360 RAMB36 180)
---------------------------------------------------------------------------------
Finished Part Resource Summary
---------------------------------------------------------------------------------
---------------------------------------------------------------------------------
Start Cross Boundary and Area Optimization
---------------------------------------------------------------------------------
Warning: Parallel synthesis criteria is not met 
WARNING: [Synth 8-3331] design c_shift_ram_v12_0_12_legacy has unconnected port a[3]
WARNING: [Synth 8-3331] design c_shift_ram_v12_0_12_legacy has unconnected port a[2]
WARNING: [Synth 8-3331] design c_shift_ram_v12_0_12_legacy has unconnected port a[1]
WARNING: [Synth 8-3331] design c_shift_ram_v12_0_12_legacy has unconnected port a[0]
WARNING: [Synth 8-3331] design c_shift_ram_v12_0_12_legacy has unconnected port ce
WARNING: [Synth 8-3331] design c_shift_ram_v12_0_12_legacy has unconnected port aclr
WARNING: [Synth 8-3331] design c_shift_ram_v12_0_12_legacy has unconnected port aset
WARNING: [Synth 8-3331] design c_shift_ram_v12_0_12_legacy has unconnected port ainit
WARNING: [Synth 8-3331] design c_shift_ram_v12_0_12_legacy has unconnected port sclr
WARNING: [Synth 8-3331] design c_shift_ram_v12_0_12_legacy has unconnected port sset
WARNING: [Synth 8-3331] design c_shift_ram_v12_0_12_legacy has unconnected port sinit
---------------------------------------------------------------------------------
Finished Cross Boundary and Area Optimization : Time (s): cpu = 00:00:23 ; elapsed = 00:00:26 . Memory (MB): peak = 1572.551 ; gain = 690.152
---------------------------------------------------------------------------------

Report RTL Partitions: 
+-+--------------+------------+----------+
| |RTL Partition |Replication |Instances |
+-+--------------+------------+----------+
+-+--------------+------------+----------+
---------------------------------------------------------------------------------
Start Applying XDC Timing Constraints
---------------------------------------------------------------------------------
---------------------------------------------------------------------------------
Finished Applying XDC Timing Constraints : Time (s): cpu = 00:00:35 ; elapsed = 00:00:40 . Memory (MB): peak = 1929.168 ; gain = 1046.770
---------------------------------------------------------------------------------
---------------------------------------------------------------------------------
Start Timing Optimization
---------------------------------------------------------------------------------
---------------------------------------------------------------------------------
Finished Timing Optimization : Time (s): cpu = 00:00:35 ; elapsed = 00:00:40 . Memory (MB): peak = 1929.672 ; gain = 1047.273
---------------------------------------------------------------------------------

Report RTL Partitions: 
+-+--------------+------------+----------+
| |RTL Partition |Replication |Instances |
+-+--------------+------------+----------+
+-+--------------+------------+----------+
---------------------------------------------------------------------------------
Start Technology Mapping
---------------------------------------------------------------------------------
---------------------------------------------------------------------------------
Finished Technology Mapping : Time (s): cpu = 00:00:35 ; elapsed = 00:00:40 . Memory (MB): peak = 1939.410 ; gain = 1057.012
---------------------------------------------------------------------------------

Report RTL Partitions: 
+-+--------------+------------+----------+
| |RTL Partition |Replication |Instances |
+-+--------------+------------+----------+
+-+--------------+------------+----------+
---------------------------------------------------------------------------------
Start IO Insertion
---------------------------------------------------------------------------------
---------------------------------------------------------------------------------
Start Flattening Before IO Insertion
---------------------------------------------------------------------------------
---------------------------------------------------------------------------------
Finished Flattening Before IO Insertion
---------------------------------------------------------------------------------
---------------------------------------------------------------------------------
Start Final Netlist Cleanup
---------------------------------------------------------------------------------
---------------------------------------------------------------------------------
Finished Final Netlist Cleanup
---------------------------------------------------------------------------------
---------------------------------------------------------------------------------
Finished IO Insertion : Time (s): cpu = 00:00:37 ; elapsed = 00:00:41 . Memory (MB): peak = 1939.410 ; gain = 1057.012
---------------------------------------------------------------------------------

Report Check Netlist: 
+------+------------------+-------+---------+-------+------------------+
|      |Item              |Errors |Warnings |Status |Description       |
+------+------------------+-------+---------+-------+------------------+
|1     |multi_driven_nets |      0|        0|Passed |Multi driven nets |
+------+------------------+-------+---------+-------+------------------+
---------------------------------------------------------------------------------
Start Renaming Generated Instances
---------------------------------------------------------------------------------
---------------------------------------------------------------------------------
Finished Renaming Generated Instances : Time (s): cpu = 00:00:37 ; elapsed = 00:00:41 . Memory (MB): peak = 1939.410 ; gain = 1057.012
---------------------------------------------------------------------------------

Report RTL Partitions: 
+-+--------------+------------+----------+
| |RTL Partition |Replication |Instances |
+-+--------------+------------+----------+
+-+--------------+------------+----------+
---------------------------------------------------------------------------------
Start Rebuilding User Hierarchy
---------------------------------------------------------------------------------
---------------------------------------------------------------------------------
Finished Rebuilding User Hierarchy : Time (s): cpu = 00:00:37 ; elapsed = 00:00:41 . Memory (MB): peak = 1939.410 ; gain = 1057.012
---------------------------------------------------------------------------------
---------------------------------------------------------------------------------
Start Renaming Generated Ports
---------------------------------------------------------------------------------
---------------------------------------------------------------------------------
Finished Renaming Generated Ports : Time (s): cpu = 00:00:37 ; elapsed = 00:00:41 . Memory (MB): peak = 1939.410 ; gain = 1057.012
---------------------------------------------------------------------------------
---------------------------------------------------------------------------------
Start Handling Custom Attributes
---------------------------------------------------------------------------------
---------------------------------------------------------------------------------
Finished Handling Custom Attributes : Time (s): cpu = 00:00:37 ; elapsed = 00:00:41 . Memory (MB): peak = 1939.410 ; gain = 1057.012
---------------------------------------------------------------------------------
---------------------------------------------------------------------------------
Start Renaming Generated Nets
---------------------------------------------------------------------------------
---------------------------------------------------------------------------------
Finished Renaming Generated Nets : Time (s): cpu = 00:00:37 ; elapsed = 00:00:41 . Memory (MB): peak = 1939.410 ; gain = 1057.012
---------------------------------------------------------------------------------
---------------------------------------------------------------------------------
Start Writing Synthesis Report
---------------------------------------------------------------------------------

Report BlackBoxes: 
+-+--------------+----------+
| |BlackBox name |Instances |
+-+--------------+----------+
+-+--------------+----------+

Report Cell Usage: 
+------+-------+------+
|      |Cell   |Count |
+------+-------+------+
|1     |SRL16E |    24|
|2     |FDRE   |    48|
+------+-------+------+
---------------------------------------------------------------------------------
Finished Writing Synthesis Report : Time (s): cpu = 00:00:37 ; elapsed = 00:00:41 . Memory (MB): peak = 1939.410 ; gain = 1057.012
---------------------------------------------------------------------------------
Synthesis finished with 0 errors, 0 critical warnings and 11 warnings.
Synthesis Optimization Runtime : Time (s): cpu = 00:00:17 ; elapsed = 00:00:26 . Memory (MB): peak = 1939.410 ; gain = 366.859
Synthesis Optimization Complete : Time (s): cpu = 00:00:37 ; elapsed = 00:00:41 . Memory (MB): peak = 1939.410 ; gain = 1057.012
INFO: [Project 1-571] Translating synthesized netlist
INFO: [Project 1-570] Preparing netlist for logic optimization
INFO: [Opt 31-138] Pushed 0 inverter(s) to 0 load pin(s).
INFO: [Project 1-111] Unisim Transformation Summary:
No Unisim elements were transformed.

INFO: [Common 17-83] Releasing license: Synthesis
12 Infos, 22 Warnings, 0 Critical Warnings and 0 Errors encountered.
synth_design completed successfully
synth_design: Time (s): cpu = 00:00:41 ; elapsed = 00:00:47 . Memory (MB): peak = 2023.387 ; gain = 1140.988
INFO: [Coretcl 2-1174] Renamed 3 cell refs.
WARNING: [Constraints 18-5210] No constraint will be written out.
INFO: [Common 17-1381] The checkpoint 'F:/Vivado_prj/B-CEDNet/B-CEDNet.runs/c_shift_ram_0_synth_1/c_shift_ram_0.dcp' has been generated.
INFO: [runtcl-4] Executing : report_utilization -file c_shift_ram_0_utilization_synth.rpt -pb c_shift_ram_0_utilization_synth.pb
report_utilization: Time (s): cpu = 00:00:01 ; elapsed = 00:00:02 . Memory (MB): peak = 2023.723 ; gain = 0.000
INFO: [Common 17-206] Exiting Vivado at Mon Oct 29 10:09:50 2018...
